2024-01-02T07:15:00+00:00 CRITICAL syntax error, unexpected token ";", expecting ")" в /var/www/html/wp-content/themes/my-theme/functions.php на строке 30

2024-01-02T07:15:51+00:00 CRITICAL Uncaught Error: Cannot use object of type WP_Error as array in /var/www/html/wp-content/themes/my-theme/functions.php:28
Stack trace:
#0 /var/www/html/wp-includes/class-wp-hook.php(324): change_language_for_all_users('ru_RU')
#1 /var/www/html/wp-includes/plugin.php(205): WP_Hook->apply_filters('ru_RU', Array)
#2 /var/www/html/wp-includes/l10n.php(35): apply_filters('locale', 'ru_RU')
#3 /var/www/html/wp-includes/l10n.php(156): get_locale()
#4 /var/www/html/wp-includes/l10n.php(1034): determine_locale()
#5 /var/www/html/wp-content/themes/my-theme/functions.php(18): load_theme_textdomain('my-theme', '/var/www/html/w...')
#6 /var/www/html/wp-includes/class-wp-hook.php(324): my_theme_setup('')
#7 /var/www/html/wp-includes/class-wp-hook.php(348): WP_Hook->apply_filters(NULL, Array)
#8 /var/www/html/wp-includes/plugin.php(517): WP_Hook->do_action(Array)
#9 /var/www/html/wp-settings.php(621): do_action('after_setup_the...')
#10 /var/www/html/wp-config.php(96): require_once('/var/www/html/w...')
#11 /var/www/html/wp-load.php(50): require_once('/var/www/html/w...')
#12 /var/www/html/wp-blog-header.php(13): require_once('/var/www/html/w...')
#13 /var/www/html/index.php(17): require('/var/www/html/w...')
#14 {main}
  thrown в /var/www/html/wp-content/themes/my-theme/functions.php на строке 28

2024-01-02T07:15:54+00:00 CRITICAL Uncaught Error: Cannot use object of type WP_Error as array in /var/www/html/wp-content/themes/my-theme/functions.php:28
Stack trace:
#0 /var/www/html/wp-includes/class-wp-hook.php(324): change_language_for_all_users('ru_RU')
#1 /var/www/html/wp-includes/plugin.php(205): WP_Hook->apply_filters('ru_RU', Array)
#2 /var/www/html/wp-includes/l10n.php(35): apply_filters('locale', 'ru_RU')
#3 /var/www/html/wp-includes/l10n.php(156): get_locale()
#4 /var/www/html/wp-includes/l10n.php(1034): determine_locale()
#5 /var/www/html/wp-content/themes/my-theme/functions.php(18): load_theme_textdomain('my-theme', '/var/www/html/w...')
#6 /var/www/html/wp-includes/class-wp-hook.php(324): my_theme_setup('')
#7 /var/www/html/wp-includes/class-wp-hook.php(348): WP_Hook->apply_filters(NULL, Array)
#8 /var/www/html/wp-includes/plugin.php(517): WP_Hook->do_action(Array)
#9 /var/www/html/wp-settings.php(621): do_action('after_setup_the...')
#10 /var/www/html/wp-config.php(96): require_once('/var/www/html/w...')
#11 /var/www/html/wp-load.php(50): require_once('/var/www/html/w...')
#12 /var/www/html/wp-blog-header.php(13): require_once('/var/www/html/w...')
#13 /var/www/html/index.php(17): require('/var/www/html/w...')
#14 {main}
  thrown в /var/www/html/wp-content/themes/my-theme/functions.php на строке 28

2024-01-02T07:15:54+00:00 CRITICAL Uncaught Error: Cannot use object of type WP_Error as array in /var/www/html/wp-content/themes/my-theme/functions.php:28
Stack trace:
#0 /var/www/html/wp-includes/class-wp-hook.php(324): change_language_for_all_users('ru_RU')
#1 /var/www/html/wp-includes/plugin.php(205): WP_Hook->apply_filters('ru_RU', Array)
#2 /var/www/html/wp-includes/l10n.php(35): apply_filters('locale', 'ru_RU')
#3 /var/www/html/wp-includes/l10n.php(156): get_locale()
#4 /var/www/html/wp-includes/l10n.php(1034): determine_locale()
#5 /var/www/html/wp-content/themes/my-theme/functions.php(18): load_theme_textdomain('my-theme', '/var/www/html/w...')
#6 /var/www/html/wp-includes/class-wp-hook.php(324): my_theme_setup('')
#7 /var/www/html/wp-includes/class-wp-hook.php(348): WP_Hook->apply_filters(NULL, Array)
#8 /var/www/html/wp-includes/plugin.php(517): WP_Hook->do_action(Array)
#9 /var/www/html/wp-settings.php(621): do_action('after_setup_the...')
#10 /var/www/html/wp-config.php(96): require_once('/var/www/html/w...')
#11 /var/www/html/wp-load.php(50): require_once('/var/www/html/w...')
#12 /var/www/html/wp-blog-header.php(13): require_once('/var/www/html/w...')
#13 /var/www/html/index.php(17): require('/var/www/html/w...')
#14 {main}
  thrown в /var/www/html/wp-content/themes/my-theme/functions.php на строке 28

2024-01-02T07:15:56+00:00 CRITICAL Uncaught Error: Cannot use object of type WP_Error as array in /var/www/html/wp-content/themes/my-theme/functions.php:28
Stack trace:
#0 /var/www/html/wp-includes/class-wp-hook.php(324): change_language_for_all_users('ru_RU')
#1 /var/www/html/wp-includes/plugin.php(205): WP_Hook->apply_filters('ru_RU', Array)
#2 /var/www/html/wp-includes/l10n.php(35): apply_filters('locale', 'ru_RU')
#3 /var/www/html/wp-includes/l10n.php(156): get_locale()
#4 /var/www/html/wp-includes/l10n.php(1034): determine_locale()
#5 /var/www/html/wp-content/themes/my-theme/functions.php(18): load_theme_textdomain('my-theme', '/var/www/html/w...')
#6 /var/www/html/wp-includes/class-wp-hook.php(324): my_theme_setup('')
#7 /var/www/html/wp-includes/class-wp-hook.php(348): WP_Hook->apply_filters(NULL, Array)
#8 /var/www/html/wp-includes/plugin.php(517): WP_Hook->do_action(Array)
#9 /var/www/html/wp-settings.php(621): do_action('after_setup_the...')
#10 /var/www/html/wp-config.php(96): require_once('/var/www/html/w...')
#11 /var/www/html/wp-load.php(50): require_once('/var/www/html/w...')
#12 /var/www/html/wp-blog-header.php(13): require_once('/var/www/html/w...')
#13 /var/www/html/index.php(17): require('/var/www/html/w...')
#14 {main}
  thrown в /var/www/html/wp-content/themes/my-theme/functions.php на строке 28

2024-01-02T07:15:59+00:00 CRITICAL Uncaught Error: Cannot use object of type WP_Error as array in /var/www/html/wp-content/themes/my-theme/functions.php:28
Stack trace:
#0 /var/www/html/wp-includes/class-wp-hook.php(324): change_language_for_all_users('ru_RU')
#1 /var/www/html/wp-includes/plugin.php(205): WP_Hook->apply_filters('ru_RU', Array)
#2 /var/www/html/wp-includes/l10n.php(35): apply_filters('locale', 'ru_RU')
#3 /var/www/html/wp-includes/l10n.php(111): get_locale()
#4 /var/www/html/wp-includes/l10n.php(152): get_user_locale()
#5 /var/www/html/wp-includes/l10n.php(1034): determine_locale()
#6 /var/www/html/wp-content/themes/my-theme/functions.php(18): load_theme_textdomain('my-theme', '/var/www/html/w...')
#7 /var/www/html/wp-includes/class-wp-hook.php(324): my_theme_setup('')
#8 /var/www/html/wp-includes/class-wp-hook.php(348): WP_Hook->apply_filters(NULL, Array)
#9 /var/www/html/wp-includes/plugin.php(517): WP_Hook->do_action(Array)
#10 /var/www/html/wp-settings.php(621): do_action('after_setup_the...')
#11 /var/www/html/wp-config.php(96): require_once('/var/www/html/w...')
#12 /var/www/html/wp-load.php(50): require_once('/var/www/html/w...')
#13 /var/www/html/wp-admin/admin-ajax.php(22): require_once('/var/www/html/w...')
#14 {main}
  thrown в /var/www/html/wp-content/themes/my-theme/functions.php на строке 28

