2024-01-09T11:07:13+00:00 CRITICAL Uncaught ValueError: random_int(): Argument #1 ($min) must be less than or equal to argument #2 ($max) in /var/www/html/wp-content/themes/my-theme/App/Controllers/PaymentController.php:47
Stack trace:
#0 /var/www/html/wp-content/themes/my-theme/App/Controllers/PaymentController.php(47): random_int(1704798874, 9999)
#1 /var/www/html/wp-includes/rest-api/class-wp-rest-server.php(1193): App\Controllers\PaymentController->create(Object(WP_REST_Request))
#2 /var/www/html/wp-includes/rest-api/class-wp-rest-server.php(1041): WP_REST_Server->respond_to_request(Object(WP_REST_Request), '/wp/v2/payments', Array, NULL)
#3 /var/www/html/wp-includes/rest-api/class-wp-rest-server.php(431): WP_REST_Server->dispatch(Object(WP_REST_Request))
#4 /var/www/html/wp-includes/rest-api.php(424): WP_REST_Server->serve_request('/wp/v2/payments')
#5 /var/www/html/wp-includes/class-wp-hook.php(324): rest_api_loaded(Object(WP))
#6 /var/www/html/wp-includes/class-wp-hook.php(348): WP_Hook->apply_filters(NULL, Array)
#7 /var/www/html/wp-includes/plugin.php(565): WP_Hook->do_action(Array)
#8 /var/www/html/wp-includes/class-wp.php(418): do_action_ref_array('parse_request', Array)
#9 /var/www/html/wp-includes/class-wp.php(813): WP->parse_request('')
#10 /var/www/html/wp-includes/functions.php(1336): WP->main('')
#11 /var/www/html/wp-blog-header.php(16): wp()
#12 /var/www/html/index.php(17): require('/var/www/html/w...')
#13 {main}
  thrown в /var/www/html/wp-content/themes/my-theme/App/Controllers/PaymentController.php на строке 47

2024-01-09T11:08:18+00:00 CRITICAL Uncaught ValueError: random_int(): Argument #1 ($min) must be less than or equal to argument #2 ($max) in /var/www/html/wp-content/themes/my-theme/App/Controllers/PaymentController.php:47
Stack trace:
#0 /var/www/html/wp-content/themes/my-theme/App/Controllers/PaymentController.php(47): random_int(1704798807, 9999999)
#1 /var/www/html/wp-includes/rest-api/class-wp-rest-server.php(1193): App\Controllers\PaymentController->create(Object(WP_REST_Request))
#2 /var/www/html/wp-includes/rest-api/class-wp-rest-server.php(1041): WP_REST_Server->respond_to_request(Object(WP_REST_Request), '/wp/v2/payments', Array, NULL)
#3 /var/www/html/wp-includes/rest-api/class-wp-rest-server.php(431): WP_REST_Server->dispatch(Object(WP_REST_Request))
#4 /var/www/html/wp-includes/rest-api.php(424): WP_REST_Server->serve_request('/wp/v2/payments')
#5 /var/www/html/wp-includes/class-wp-hook.php(324): rest_api_loaded(Object(WP))
#6 /var/www/html/wp-includes/class-wp-hook.php(348): WP_Hook->apply_filters(NULL, Array)
#7 /var/www/html/wp-includes/plugin.php(565): WP_Hook->do_action(Array)
#8 /var/www/html/wp-includes/class-wp.php(418): do_action_ref_array('parse_request', Array)
#9 /var/www/html/wp-includes/class-wp.php(813): WP->parse_request('')
#10 /var/www/html/wp-includes/functions.php(1336): WP->main('')
#11 /var/www/html/wp-blog-header.php(16): wp()
#12 /var/www/html/index.php(17): require('/var/www/html/w...')
#13 {main}
  thrown в /var/www/html/wp-content/themes/my-theme/App/Controllers/PaymentController.php на строке 47

2024-01-09T11:08:28+00:00 CRITICAL Uncaught ValueError: random_int(): Argument #1 ($min) must be less than or equal to argument #2 ($max) in /var/www/html/wp-content/themes/my-theme/App/Controllers/PaymentController.php:47
Stack trace:
#0 /var/www/html/wp-content/themes/my-theme/App/Controllers/PaymentController.php(47): random_int(1704799327, 99999999)
#1 /var/www/html/wp-includes/rest-api/class-wp-rest-server.php(1193): App\Controllers\PaymentController->create(Object(WP_REST_Request))
#2 /var/www/html/wp-includes/rest-api/class-wp-rest-server.php(1041): WP_REST_Server->respond_to_request(Object(WP_REST_Request), '/wp/v2/payments', Array, NULL)
#3 /var/www/html/wp-includes/rest-api/class-wp-rest-server.php(431): WP_REST_Server->dispatch(Object(WP_REST_Request))
#4 /var/www/html/wp-includes/rest-api.php(424): WP_REST_Server->serve_request('/wp/v2/payments')
#5 /var/www/html/wp-includes/class-wp-hook.php(324): rest_api_loaded(Object(WP))
#6 /var/www/html/wp-includes/class-wp-hook.php(348): WP_Hook->apply_filters(NULL, Array)
#7 /var/www/html/wp-includes/plugin.php(565): WP_Hook->do_action(Array)
#8 /var/www/html/wp-includes/class-wp.php(418): do_action_ref_array('parse_request', Array)
#9 /var/www/html/wp-includes/class-wp.php(813): WP->parse_request('')
#10 /var/www/html/wp-includes/functions.php(1336): WP->main('')
#11 /var/www/html/wp-blog-header.php(16): wp()
#12 /var/www/html/index.php(17): require('/var/www/html/w...')
#13 {main}
  thrown в /var/www/html/wp-content/themes/my-theme/App/Controllers/PaymentController.php на строке 47

2024-01-09T11:08:57+00:00 CRITICAL Uncaught ValueError: random_int(): Argument #1 ($min) must be less than or equal to argument #2 ($max) in /var/www/html/wp-content/themes/my-theme/App/Controllers/PaymentController.php:47
Stack trace:
#0 /var/www/html/wp-content/themes/my-theme/App/Controllers/PaymentController.php(47): random_int(1704798880, 999999999)
#1 /var/www/html/wp-includes/rest-api/class-wp-rest-server.php(1193): App\Controllers\PaymentController->create(Object(WP_REST_Request))
#2 /var/www/html/wp-includes/rest-api/class-wp-rest-server.php(1041): WP_REST_Server->respond_to_request(Object(WP_REST_Request), '/wp/v2/payments', Array, NULL)
#3 /var/www/html/wp-includes/rest-api/class-wp-rest-server.php(431): WP_REST_Server->dispatch(Object(WP_REST_Request))
#4 /var/www/html/wp-includes/rest-api.php(424): WP_REST_Server->serve_request('/wp/v2/payments')
#5 /var/www/html/wp-includes/class-wp-hook.php(324): rest_api_loaded(Object(WP))
#6 /var/www/html/wp-includes/class-wp-hook.php(348): WP_Hook->apply_filters(NULL, Array)
#7 /var/www/html/wp-includes/plugin.php(565): WP_Hook->do_action(Array)
#8 /var/www/html/wp-includes/class-wp.php(418): do_action_ref_array('parse_request', Array)
#9 /var/www/html/wp-includes/class-wp.php(813): WP->parse_request('')
#10 /var/www/html/wp-includes/functions.php(1336): WP->main('')
#11 /var/www/html/wp-blog-header.php(16): wp()
#12 /var/www/html/index.php(17): require('/var/www/html/w...')
#13 {main}
  thrown в /var/www/html/wp-content/themes/my-theme/App/Controllers/PaymentController.php на строке 47

2024-01-09T11:09:13+00:00 CRITICAL Uncaught ValueError: random_int(): Argument #1 ($min) must be less than or equal to argument #2 ($max) in /var/www/html/wp-content/themes/my-theme/App/Controllers/PaymentController.php:47
Stack trace:
#0 /var/www/html/wp-content/themes/my-theme/App/Controllers/PaymentController.php(47): random_int(1704799149, 999999999)
#1 /var/www/html/wp-includes/rest-api/class-wp-rest-server.php(1193): App\Controllers\PaymentController->create(Object(WP_REST_Request))
#2 /var/www/html/wp-includes/rest-api/class-wp-rest-server.php(1041): WP_REST_Server->respond_to_request(Object(WP_REST_Request), '/wp/v2/payments', Array, NULL)
#3 /var/www/html/wp-includes/rest-api/class-wp-rest-server.php(431): WP_REST_Server->dispatch(Object(WP_REST_Request))
#4 /var/www/html/wp-includes/rest-api.php(424): WP_REST_Server->serve_request('/wp/v2/payments')
#5 /var/www/html/wp-includes/class-wp-hook.php(324): rest_api_loaded(Object(WP))
#6 /var/www/html/wp-includes/class-wp-hook.php(348): WP_Hook->apply_filters(NULL, Array)
#7 /var/www/html/wp-includes/plugin.php(565): WP_Hook->do_action(Array)
#8 /var/www/html/wp-includes/class-wp.php(418): do_action_ref_array('parse_request', Array)
#9 /var/www/html/wp-includes/class-wp.php(813): WP->parse_request('')
#10 /var/www/html/wp-includes/functions.php(1336): WP->main('')
#11 /var/www/html/wp-blog-header.php(16): wp()
#12 /var/www/html/index.php(17): require('/var/www/html/w...')
#13 {main}
  thrown в /var/www/html/wp-content/themes/my-theme/App/Controllers/PaymentController.php на строке 47

2024-01-09T11:09:18+00:00 CRITICAL Uncaught ValueError: random_int(): Argument #1 ($min) must be less than or equal to argument #2 ($max) in /var/www/html/wp-content/themes/my-theme/App/Controllers/PaymentController.php:47
Stack trace:
#0 /var/www/html/wp-content/themes/my-theme/App/Controllers/PaymentController.php(47): random_int(1704798886, 999999999)
#1 /var/www/html/wp-includes/rest-api/class-wp-rest-server.php(1193): App\Controllers\PaymentController->create(Object(WP_REST_Request))
#2 /var/www/html/wp-includes/rest-api/class-wp-rest-server.php(1041): WP_REST_Server->respond_to_request(Object(WP_REST_Request), '/wp/v2/payments', Array, NULL)
#3 /var/www/html/wp-includes/rest-api/class-wp-rest-server.php(431): WP_REST_Server->dispatch(Object(WP_REST_Request))
#4 /var/www/html/wp-includes/rest-api.php(424): WP_REST_Server->serve_request('/wp/v2/payments')
#5 /var/www/html/wp-includes/class-wp-hook.php(324): rest_api_loaded(Object(WP))
#6 /var/www/html/wp-includes/class-wp-hook.php(348): WP_Hook->apply_filters(NULL, Array)
#7 /var/www/html/wp-includes/plugin.php(565): WP_Hook->do_action(Array)
#8 /var/www/html/wp-includes/class-wp.php(418): do_action_ref_array('parse_request', Array)
#9 /var/www/html/wp-includes/class-wp.php(813): WP->parse_request('')
#10 /var/www/html/wp-includes/functions.php(1336): WP->main('')
#11 /var/www/html/wp-blog-header.php(16): wp()
#12 /var/www/html/index.php(17): require('/var/www/html/w...')
#13 {main}
  thrown в /var/www/html/wp-content/themes/my-theme/App/Controllers/PaymentController.php на строке 47

2024-01-09T11:19:00+00:00 CRITICAL Uncaught TypeError: App\Filters\ProductFilter::without_grouped_products(): Argument #2 ($product) must be of type WC_Product, WP_Post given, called in /var/www/html/wp-includes/class-wp-hook.php on line 324 and defined in /var/www/html/wp-content/themes/my-theme/App/Filters/ProductFilter.php:26
Stack trace:
#0 /var/www/html/wp-includes/class-wp-hook.php(324): App\Filters\ProductFilter::without_grouped_products(Object(WP_REST_Response), Object(WP_Post), Object(WP_REST_Request))
#1 /var/www/html/wp-includes/plugin.php(205): WP_Hook->apply_filters(Object(WP_REST_Response), Array)
#2 /var/www/html/wp-content/themes/my-theme/App/Filters/OrderFilter.php(27): apply_filters('woocommerce_res...', Object(WP_REST_Response), Object(WP_Post), Object(WP_REST_Request))
#3 /var/www/html/wp-includes/class-wp-hook.php(324): App\Filters\OrderFilter::add_timezone_to_response(Object(WP_REST_Response), Object(Automattic\WooCommerce\Admin\Overrides\Order), Object(WP_REST_Request))
#4 /var/www/html/wp-includes/plugin.php(205): WP_Hook->apply_filters(Object(WP_REST_Response), Array)
#5 /var/www/html/wp-content/plugins/woocommerce/includes/rest-api/Controllers/Version2/class-wc-rest-orders-v2-controller.php(542): apply_filters('woocommerce_res...', Object(WP_REST_Response), Object(Automattic\WooCommerce\Admin\Overrides\Order), Object(WP_REST_Request))
#6 /var/www/html/wp-content/plugins/woocommerce/includes/rest-api/Controllers/Version3/class-wc-rest-crud-controller.php(391): WC_REST_Orders_V2_Controller->prepare_object_for_response(Object(Automattic\WooCommerce\Admin\Overrides\Order), Object(WP_REST_Request))
#7 /var/www/html/wp-includes/rest-api/class-wp-rest-server.php(1193): WC_REST_CRUD_Controller->get_items(Object(WP_REST_Request))
#8 /var/www/html/wp-includes/rest-api/class-wp-rest-server.php(1041): WP_REST_Server->respond_to_request(Object(WP_REST_Request), '/wc/v3/orders', Array, NULL)
#9 /var/www/html/wp-includes/rest-api/class-wp-rest-server.php(431): WP_REST_Server->dispatch(Object(WP_REST_Request))
#10 /var/www/html/wp-includes/rest-api.php(424): WP_REST_Server->serve_request('/wc/v3/orders')
#11 /var/www/html/wp-includes/class-wp-hook.php(324): rest_api_loaded(Object(WP))
#12 /var/www/html/wp-includes/class-wp-hook.php(348): WP_Hook->apply_filters(NULL, Array)
#13 /var/www/html/wp-includes/plugin.php(565): WP_Hook->do_action(Array)
#14 /var/www/html/wp-includes/class-wp.php(418): do_action_ref_array('parse_request', Array)
#15 /var/www/html/wp-includes/class-wp.php(813): WP->parse_request('')
#16 /var/www/html/wp-includes/functions.php(1336): WP->main('')
#17 /var/www/html/wp-blog-header.php(16): wp()
#18 /var/www/html/index.php(17): require('/var/www/html/w...')
#19 {main}
  thrown в /var/www/html/wp-content/themes/my-theme/App/Filters/ProductFilter.php на строке 26

2024-01-09T11:21:17+00:00 CRITICAL Uncaught Error: Cannot use object of type WP_Post as array in /var/www/html/wp-content/plugins/cfs-rest-api/cfs-rest-api.php:120
Stack trace:
#0 /var/www/html/wp-includes/class-wp-hook.php(326): add_custom_fields_to_api_response(Object(WP_REST_Response), Object(WP_Post))
#1 /var/www/html/wp-includes/plugin.php(205): WP_Hook->apply_filters(Object(WP_REST_Response), Array)
#2 /var/www/html/wp-content/themes/my-theme/App/Filters/OrderFilter.php(34): apply_filters('rest_prepare_sh...', Object(WP_REST_Response), Object(WP_Post), Object(WP_REST_Request))
#3 /var/www/html/wp-includes/class-wp-hook.php(324): App\Filters\OrderFilter::add_timezone_to_response(Object(WP_REST_Response), Object(Automattic\WooCommerce\Admin\Overrides\Order), Object(WP_REST_Request))
#4 /var/www/html/wp-includes/plugin.php(205): WP_Hook->apply_filters(Object(WP_REST_Response), Array)
#5 /var/www/html/wp-content/plugins/woocommerce/includes/rest-api/Controllers/Version2/class-wc-rest-orders-v2-controller.php(542): apply_filters('woocommerce_res...', Object(WP_REST_Response), Object(Automattic\WooCommerce\Admin\Overrides\Order), Object(WP_REST_Request))
#6 /var/www/html/wp-content/plugins/woocommerce/includes/rest-api/Controllers/Version3/class-wc-rest-crud-controller.php(391): WC_REST_Orders_V2_Controller->prepare_object_for_response(Object(Automattic\WooCommerce\Admin\Overrides\Order), Object(WP_REST_Request))
#7 /var/www/html/wp-includes/rest-api/class-wp-rest-server.php(1193): WC_REST_CRUD_Controller->get_items(Object(WP_REST_Request))
#8 /var/www/html/wp-includes/rest-api/class-wp-rest-server.php(1041): WP_REST_Server->respond_to_request(Object(WP_REST_Request), '/wc/v3/orders', Array, NULL)
#9 /var/www/html/wp-includes/rest-api/class-wp-rest-server.php(431): WP_REST_Server->dispatch(Object(WP_REST_Request))
#10 /var/www/html/wp-includes/rest-api.php(424): WP_REST_Server->serve_request('/wc/v3/orders')
#11 /var/www/html/wp-includes/class-wp-hook.php(324): rest_api_loaded(Object(WP))
#12 /var/www/html/wp-includes/class-wp-hook.php(348): WP_Hook->apply_filters(NULL, Array)
#13 /var/www/html/wp-includes/plugin.php(565): WP_Hook->do_action(Array)
#14 /var/www/html/wp-includes/class-wp.php(418): do_action_ref_array('parse_request', Array)
#15 /var/www/html/wp-includes/class-wp.php(813): WP->parse_request('')
#16 /var/www/html/wp-includes/functions.php(1336): WP->main('')
#17 /var/www/html/wp-blog-header.php(16): wp()
#18 /var/www/html/index.php(17): require('/var/www/html/w...')
#19 {main}
  thrown в /var/www/html/wp-content/plugins/cfs-rest-api/cfs-rest-api.php на строке 120

2024-01-09T11:46:48+00:00 CRITICAL Uncaught Exception: Неверный товар. in /var/www/html/wp-content/plugins/woocommerce/includes/data-stores/class-wc-product-data-store-cpt.php:167
Stack trace:
#0 /var/www/html/wp-content/plugins/woocommerce/includes/class-wc-data-store.php(159): WC_Product_Data_Store_CPT->read(Object(WC_Product))
#1 /var/www/html/wp-content/plugins/woocommerce/includes/abstracts/abstract-wc-product.php(138): WC_Data_Store->read(Object(WC_Product))
#2 /var/www/html/wp-content/themes/my-theme/App/Filters/OrderFilter.php(50): WC_Product->__construct(58)
#3 /var/www/html/wp-includes/class-wp-hook.php(324): App\Filters\OrderFilter::add_trutfull_total(Object(WP_REST_Response), Object(Automattic\WooCommerce\Admin\Overrides\Order), Object(WP_REST_Request))
#4 /var/www/html/wp-includes/plugin.php(205): WP_Hook->apply_filters(Object(WP_REST_Response), Array)
#5 /var/www/html/wp-content/plugins/woocommerce/includes/rest-api/Controllers/Version2/class-wc-rest-orders-v2-controller.php(542): apply_filters('woocommerce_res...', Object(WP_REST_Response), Object(Automattic\WooCommerce\Admin\Overrides\Order), Object(WP_REST_Request))
#6 /var/www/html/wp-content/plugins/woocommerce/includes/rest-api/Controllers/Version3/class-wc-rest-crud-controller.php(391): WC_REST_Orders_V2_Controller->prepare_object_for_response(Object(Automattic\WooCommerce\Admin\Overrides\Order), Object(WP_REST_Request))
#7 /var/www/html/wp-includes/rest-api/class-wp-rest-server.php(1193): WC_REST_CRUD_Controller->get_items(Object(WP_REST_Request))
#8 /var/www/html/wp-includes/rest-api/class-wp-rest-server.php(1041): WP_REST_Server->respond_to_request(Object(WP_REST_Request), '/wc/v3/orders', Array, NULL)
#9 /var/www/html/wp-includes/rest-api/class-wp-rest-server.php(431): WP_REST_Server->dispatch(Object(WP_REST_Request))
#10 /var/www/html/wp-includes/rest-api.php(424): WP_REST_Server->serve_request('/wc/v3/orders')
#11 /var/www/html/wp-includes/class-wp-hook.php(324): rest_api_loaded(Object(WP))
#12 /var/www/html/wp-includes/class-wp-hook.php(348): WP_Hook->apply_filters(NULL, Array)
#13 /var/www/html/wp-includes/plugin.php(565): WP_Hook->do_action(Array)
#14 /var/www/html/wp-includes/class-wp.php(418): do_action_ref_array('parse_request', Array)
#15 /var/www/html/wp-includes/class-wp.php(813): WP->parse_request('')
#16 /var/www/html/wp-includes/functions.php(1336): WP->main('')
#17 /var/www/html/wp-blog-header.php(16): wp()
#18 /var/www/html/index.php(17): require('/var/www/html/w...')
#19 {main}
  thrown в /var/www/html/wp-content/plugins/woocommerce/includes/data-stores/class-wc-product-data-store-cpt.php на строке 167

2024-01-09T11:55:54+00:00 CRITICAL Uncaught Error: Attempt to assign property "total" on null in /var/www/html/wp-content/themes/my-theme/App/Filters/OrderFilter.php:63
Stack trace:
#0 /var/www/html/wp-includes/class-wp-hook.php(324): App\Filters\OrderFilter::add_trutfull_total(Object(WP_REST_Response), Object(Automattic\WooCommerce\Admin\Overrides\Order), Object(WP_REST_Request))
#1 /var/www/html/wp-includes/plugin.php(205): WP_Hook->apply_filters(Object(WP_REST_Response), Array)
#2 /var/www/html/wp-content/plugins/woocommerce/includes/rest-api/Controllers/Version2/class-wc-rest-orders-v2-controller.php(542): apply_filters('woocommerce_res...', Object(WP_REST_Response), Object(Automattic\WooCommerce\Admin\Overrides\Order), Object(WP_REST_Request))
#3 /var/www/html/wp-content/plugins/woocommerce/includes/rest-api/Controllers/Version3/class-wc-rest-crud-controller.php(391): WC_REST_Orders_V2_Controller->prepare_object_for_response(Object(Automattic\WooCommerce\Admin\Overrides\Order), Object(WP_REST_Request))
#4 /var/www/html/wp-includes/rest-api/class-wp-rest-server.php(1193): WC_REST_CRUD_Controller->get_items(Object(WP_REST_Request))
#5 /var/www/html/wp-includes/rest-api/class-wp-rest-server.php(1041): WP_REST_Server->respond_to_request(Object(WP_REST_Request), '/wc/v3/orders', Array, NULL)
#6 /var/www/html/wp-includes/rest-api/class-wp-rest-server.php(431): WP_REST_Server->dispatch(Object(WP_REST_Request))
#7 /var/www/html/wp-includes/rest-api.php(424): WP_REST_Server->serve_request('/wc/v3/orders')
#8 /var/www/html/wp-includes/class-wp-hook.php(324): rest_api_loaded(Object(WP))
#9 /var/www/html/wp-includes/class-wp-hook.php(348): WP_Hook->apply_filters(NULL, Array)
#10 /var/www/html/wp-includes/plugin.php(565): WP_Hook->do_action(Array)
#11 /var/www/html/wp-includes/class-wp.php(418): do_action_ref_array('parse_request', Array)
#12 /var/www/html/wp-includes/class-wp.php(813): WP->parse_request('')
#13 /var/www/html/wp-includes/functions.php(1336): WP->main('')
#14 /var/www/html/wp-blog-header.php(16): wp()
#15 /var/www/html/index.php(17): require('/var/www/html/w...')
#16 {main}
  thrown в /var/www/html/wp-content/themes/my-theme/App/Filters/OrderFilter.php на строке 63

2024-01-09T11:55:55+00:00 CRITICAL Uncaught Error: Attempt to assign property "total" on null in /var/www/html/wp-content/themes/my-theme/App/Filters/OrderFilter.php:63
Stack trace:
#0 /var/www/html/wp-includes/class-wp-hook.php(324): App\Filters\OrderFilter::add_trutfull_total(Object(WP_REST_Response), Object(Automattic\WooCommerce\Admin\Overrides\Order), Object(WP_REST_Request))
#1 /var/www/html/wp-includes/plugin.php(205): WP_Hook->apply_filters(Object(WP_REST_Response), Array)
#2 /var/www/html/wp-content/plugins/woocommerce/includes/rest-api/Controllers/Version2/class-wc-rest-orders-v2-controller.php(542): apply_filters('woocommerce_res...', Object(WP_REST_Response), Object(Automattic\WooCommerce\Admin\Overrides\Order), Object(WP_REST_Request))
#3 /var/www/html/wp-content/plugins/woocommerce/includes/rest-api/Controllers/Version3/class-wc-rest-crud-controller.php(391): WC_REST_Orders_V2_Controller->prepare_object_for_response(Object(Automattic\WooCommerce\Admin\Overrides\Order), Object(WP_REST_Request))
#4 /var/www/html/wp-includes/rest-api/class-wp-rest-server.php(1193): WC_REST_CRUD_Controller->get_items(Object(WP_REST_Request))
#5 /var/www/html/wp-includes/rest-api/class-wp-rest-server.php(1041): WP_REST_Server->respond_to_request(Object(WP_REST_Request), '/wc/v3/orders', Array, NULL)
#6 /var/www/html/wp-includes/rest-api/class-wp-rest-server.php(431): WP_REST_Server->dispatch(Object(WP_REST_Request))
#7 /var/www/html/wp-includes/rest-api.php(424): WP_REST_Server->serve_request('/wc/v3/orders')
#8 /var/www/html/wp-includes/class-wp-hook.php(324): rest_api_loaded(Object(WP))
#9 /var/www/html/wp-includes/class-wp-hook.php(348): WP_Hook->apply_filters(NULL, Array)
#10 /var/www/html/wp-includes/plugin.php(565): WP_Hook->do_action(Array)
#11 /var/www/html/wp-includes/class-wp.php(418): do_action_ref_array('parse_request', Array)
#12 /var/www/html/wp-includes/class-wp.php(813): WP->parse_request('')
#13 /var/www/html/wp-includes/functions.php(1336): WP->main('')
#14 /var/www/html/wp-blog-header.php(16): wp()
#15 /var/www/html/index.php(17): require('/var/www/html/w...')
#16 {main}
  thrown в /var/www/html/wp-content/themes/my-theme/App/Filters/OrderFilter.php на строке 63

2024-01-09T12:52:32+00:00 CRITICAL Uncaught Error: Attempt to modify property "data" on array in /var/www/html/wp-content/themes/my-theme/App/Filters/OrderFilter.php:82
Stack trace:
#0 /var/www/html/wp-includes/class-wp-hook.php(324): App\Filters\OrderFilter::add_trutfull_total(Array, Object(Automattic\WooCommerce\Admin\Overrides\Order), Object(WP_REST_Request))
#1 /var/www/html/wp-includes/plugin.php(205): WP_Hook->apply_filters(Object(WP_REST_Response), Array)
#2 /var/www/html/wp-content/plugins/woocommerce/includes/rest-api/Controllers/Version2/class-wc-rest-orders-v2-controller.php(542): apply_filters('woocommerce_res...', Object(WP_REST_Response), Object(Automattic\WooCommerce\Admin\Overrides\Order), Object(WP_REST_Request))
#3 /var/www/html/wp-content/plugins/woocommerce/includes/rest-api/Controllers/Version3/class-wc-rest-crud-controller.php(391): WC_REST_Orders_V2_Controller->prepare_object_for_response(Object(Automattic\WooCommerce\Admin\Overrides\Order), Object(WP_REST_Request))
#4 /var/www/html/wp-includes/rest-api/class-wp-rest-server.php(1193): WC_REST_CRUD_Controller->get_items(Object(WP_REST_Request))
#5 /var/www/html/wp-includes/rest-api/class-wp-rest-server.php(1041): WP_REST_Server->respond_to_request(Object(WP_REST_Request), '/wc/v3/orders', Array, NULL)
#6 /var/www/html/wp-includes/rest-api/class-wp-rest-server.php(431): WP_REST_Server->dispatch(Object(WP_REST_Request))
#7 /var/www/html/wp-includes/rest-api.php(424): WP_REST_Server->serve_request('/wc/v3/orders')
#8 /var/www/html/wp-includes/class-wp-hook.php(324): rest_api_loaded(Object(WP))
#9 /var/www/html/wp-includes/class-wp-hook.php(348): WP_Hook->apply_filters(NULL, Array)
#10 /var/www/html/wp-includes/plugin.php(565): WP_Hook->do_action(Array)
#11 /var/www/html/wp-includes/class-wp.php(418): do_action_ref_array('parse_request', Array)
#12 /var/www/html/wp-includes/class-wp.php(813): WP->parse_request('')
#13 /var/www/html/wp-includes/functions.php(1336): WP->main('')
#14 /var/www/html/wp-blog-header.php(16): wp()
#15 /var/www/html/index.php(17): require('/var/www/html/w...')
#16 {main}
  thrown в /var/www/html/wp-content/themes/my-theme/App/Filters/OrderFilter.php на строке 82

2024-01-09T12:53:27+00:00 CRITICAL Uncaught Error: Attempt to modify property "data" on array in /var/www/html/wp-content/themes/my-theme/App/Filters/OrderFilter.php:82
Stack trace:
#0 /var/www/html/wp-includes/class-wp-hook.php(324): App\Filters\OrderFilter::add_trutfull_total(Array, Object(Automattic\WooCommerce\Admin\Overrides\Order), Object(WP_REST_Request))
#1 /var/www/html/wp-includes/plugin.php(205): WP_Hook->apply_filters(Object(WP_REST_Response), Array)
#2 /var/www/html/wp-content/plugins/woocommerce/includes/rest-api/Controllers/Version2/class-wc-rest-orders-v2-controller.php(542): apply_filters('woocommerce_res...', Object(WP_REST_Response), Object(Automattic\WooCommerce\Admin\Overrides\Order), Object(WP_REST_Request))
#3 /var/www/html/wp-content/plugins/woocommerce/includes/rest-api/Controllers/Version3/class-wc-rest-crud-controller.php(391): WC_REST_Orders_V2_Controller->prepare_object_for_response(Object(Automattic\WooCommerce\Admin\Overrides\Order), Object(WP_REST_Request))
#4 /var/www/html/wp-includes/rest-api/class-wp-rest-server.php(1193): WC_REST_CRUD_Controller->get_items(Object(WP_REST_Request))
#5 /var/www/html/wp-includes/rest-api/class-wp-rest-server.php(1041): WP_REST_Server->respond_to_request(Object(WP_REST_Request), '/wc/v3/orders', Array, NULL)
#6 /var/www/html/wp-includes/rest-api/class-wp-rest-server.php(431): WP_REST_Server->dispatch(Object(WP_REST_Request))
#7 /var/www/html/wp-includes/rest-api.php(424): WP_REST_Server->serve_request('/wc/v3/orders')
#8 /var/www/html/wp-includes/class-wp-hook.php(324): rest_api_loaded(Object(WP))
#9 /var/www/html/wp-includes/class-wp-hook.php(348): WP_Hook->apply_filters(NULL, Array)
#10 /var/www/html/wp-includes/plugin.php(565): WP_Hook->do_action(Array)
#11 /var/www/html/wp-includes/class-wp.php(418): do_action_ref_array('parse_request', Array)
#12 /var/www/html/wp-includes/class-wp.php(813): WP->parse_request('')
#13 /var/www/html/wp-includes/functions.php(1336): WP->main('')
#14 /var/www/html/wp-blog-header.php(16): wp()
#15 /var/www/html/index.php(17): require('/var/www/html/w...')
#16 {main}
  thrown в /var/www/html/wp-content/themes/my-theme/App/Filters/OrderFilter.php на строке 82

2024-01-09T12:53:28+00:00 CRITICAL Uncaught Error: Attempt to modify property "data" on array in /var/www/html/wp-content/themes/my-theme/App/Filters/OrderFilter.php:82
Stack trace:
#0 /var/www/html/wp-includes/class-wp-hook.php(324): App\Filters\OrderFilter::add_trutfull_total(Array, Object(Automattic\WooCommerce\Admin\Overrides\Order), Object(WP_REST_Request))
#1 /var/www/html/wp-includes/plugin.php(205): WP_Hook->apply_filters(Object(WP_REST_Response), Array)
#2 /var/www/html/wp-content/plugins/woocommerce/includes/rest-api/Controllers/Version2/class-wc-rest-orders-v2-controller.php(542): apply_filters('woocommerce_res...', Object(WP_REST_Response), Object(Automattic\WooCommerce\Admin\Overrides\Order), Object(WP_REST_Request))
#3 /var/www/html/wp-content/plugins/woocommerce/includes/rest-api/Controllers/Version3/class-wc-rest-crud-controller.php(391): WC_REST_Orders_V2_Controller->prepare_object_for_response(Object(Automattic\WooCommerce\Admin\Overrides\Order), Object(WP_REST_Request))
#4 /var/www/html/wp-includes/rest-api/class-wp-rest-server.php(1193): WC_REST_CRUD_Controller->get_items(Object(WP_REST_Request))
#5 /var/www/html/wp-includes/rest-api/class-wp-rest-server.php(1041): WP_REST_Server->respond_to_request(Object(WP_REST_Request), '/wc/v3/orders', Array, NULL)
#6 /var/www/html/wp-includes/rest-api/class-wp-rest-server.php(431): WP_REST_Server->dispatch(Object(WP_REST_Request))
#7 /var/www/html/wp-includes/rest-api.php(424): WP_REST_Server->serve_request('/wc/v3/orders')
#8 /var/www/html/wp-includes/class-wp-hook.php(324): rest_api_loaded(Object(WP))
#9 /var/www/html/wp-includes/class-wp-hook.php(348): WP_Hook->apply_filters(NULL, Array)
#10 /var/www/html/wp-includes/plugin.php(565): WP_Hook->do_action(Array)
#11 /var/www/html/wp-includes/class-wp.php(418): do_action_ref_array('parse_request', Array)
#12 /var/www/html/wp-includes/class-wp.php(813): WP->parse_request('')
#13 /var/www/html/wp-includes/functions.php(1336): WP->main('')
#14 /var/www/html/wp-blog-header.php(16): wp()
#15 /var/www/html/index.php(17): require('/var/www/html/w...')
#16 {main}
  thrown в /var/www/html/wp-content/themes/my-theme/App/Filters/OrderFilter.php на строке 82

2024-01-09T13:40:57+00:00 CRITICAL Uncaught Error: Cannot use object of type WP_REST_Response as array in /var/www/html/wp-content/themes/my-theme/App/Filters/OrderFilter.php:72
Stack trace:
#0 /var/www/html/wp-includes/class-wp-hook.php(324): App\Filters\OrderFilter::add_trutfull_total(Object(WP_REST_Response), Object(Automattic\WooCommerce\Admin\Overrides\Order), Object(WP_REST_Request))
#1 /var/www/html/wp-includes/plugin.php(205): WP_Hook->apply_filters(Object(WP_REST_Response), Array)
#2 /var/www/html/wp-content/plugins/woocommerce/includes/rest-api/Controllers/Version2/class-wc-rest-orders-v2-controller.php(542): apply_filters('woocommerce_res...', Object(WP_REST_Response), Object(Automattic\WooCommerce\Admin\Overrides\Order), Object(WP_REST_Request))
#3 /var/www/html/wp-content/plugins/woocommerce/includes/rest-api/Controllers/Version3/class-wc-rest-crud-controller.php(391): WC_REST_Orders_V2_Controller->prepare_object_for_response(Object(Automattic\WooCommerce\Admin\Overrides\Order), Object(WP_REST_Request))
#4 /var/www/html/wp-includes/rest-api/class-wp-rest-server.php(1193): WC_REST_CRUD_Controller->get_items(Object(WP_REST_Request))
#5 /var/www/html/wp-includes/rest-api/class-wp-rest-server.php(1041): WP_REST_Server->respond_to_request(Object(WP_REST_Request), '/wc/v3/orders', Array, NULL)
#6 /var/www/html/wp-includes/rest-api/class-wp-rest-server.php(431): WP_REST_Server->dispatch(Object(WP_REST_Request))
#7 /var/www/html/wp-includes/rest-api.php(424): WP_REST_Server->serve_request('/wc/v3/orders')
#8 /var/www/html/wp-includes/class-wp-hook.php(324): rest_api_loaded(Object(WP))
#9 /var/www/html/wp-includes/class-wp-hook.php(348): WP_Hook->apply_filters(NULL, Array)
#10 /var/www/html/wp-includes/plugin.php(565): WP_Hook->do_action(Array)
#11 /var/www/html/wp-includes/class-wp.php(418): do_action_ref_array('parse_request', Array)
#12 /var/www/html/wp-includes/class-wp.php(813): WP->parse_request('')
#13 /var/www/html/wp-includes/functions.php(1336): WP->main('')
#14 /var/www/html/wp-blog-header.php(16): wp()
#15 /var/www/html/index.php(17): require('/var/www/html/w...')
#16 {main}
  thrown в /var/www/html/wp-content/themes/my-theme/App/Filters/OrderFilter.php на строке 72

