2023-12-08T08:55:03+00:00 CRITICAL syntax error, unexpected token ";", expecting ")" в /var/www/html/wp-content/themes/my-theme/App/Filters/ProductFilter.php на строке 33

2023-12-08T09:00:47+00:00 CRITICAL Uncaught Error: Call to undefined method stdClass::has_child() in /var/www/html/wp-content/themes/my-theme/functions.php:84
Stack trace:
#0 /var/www/html/wp-includes/class-wp-hook.php(324): add_custom_price_to_groupped_response(Object(WP_REST_Response), Object(stdClass), Object(WP_REST_Request))
#1 /var/www/html/wp-includes/plugin.php(205): WP_Hook->apply_filters(Object(WP_REST_Response), Array)
#2 /var/www/html/wp-content/themes/my-theme/App/Filters/ProductFilter.php(51): apply_filters('woocommerce_res...', Object(WP_REST_Response), Object(stdClass), Object(WP_REST_Request))
#3 /var/www/html/wp-includes/class-wp-hook.php(324): App\Filters\ProductFilter::add_products_to_response(Object(WP_REST_Response), Object(WP_REST_Server), Object(WP_REST_Request))
#4 /var/www/html/wp-includes/plugin.php(205): WP_Hook->apply_filters(Object(WP_REST_Response), Array)
#5 /var/www/html/wp-includes/rest-api/class-wp-rest-server.php(454): apply_filters('rest_post_dispa...', Object(WP_REST_Response), Object(WP_REST_Server), Object(WP_REST_Request))
#6 /var/www/html/wp-includes/rest-api.php(424): WP_REST_Server->serve_request('/wc/v3/products')
#7 /var/www/html/wp-includes/class-wp-hook.php(324): rest_api_loaded(Object(WP))
#8 /var/www/html/wp-includes/class-wp-hook.php(348): WP_Hook->apply_filters(NULL, Array)
#9 /var/www/html/wp-includes/plugin.php(565): WP_Hook->do_action(Array)
#10 /var/www/html/wp-includes/class-wp.php(418): do_action_ref_array('parse_request', Array)
#11 /var/www/html/wp-includes/class-wp.php(813): WP->parse_request('')
#12 /var/www/html/wp-includes/functions.php(1336): WP->main('')
#13 /var/www/html/wp-blog-header.php(16): wp()
#14 /var/www/html/index.php(17): require('/var/www/html/w...')
#15 {main}
  thrown в /var/www/html/wp-content/themes/my-theme/functions.php на строке 84

2023-12-08T09:10:30+00:00 CRITICAL Uncaught Error: Cannot use object of type WP_REST_Response as array in /var/www/html/wp-content/themes/my-theme/App/Filters/ProductFilter.php:48
Stack trace:
#0 /var/www/html/wp-includes/class-wp-hook.php(324): App\Filters\ProductFilter::add_products_to_response(Object(WP_REST_Response), Object(WP_REST_Server), Object(WP_REST_Request))
#1 /var/www/html/wp-includes/plugin.php(205): WP_Hook->apply_filters(Object(WP_REST_Response), Array)
#2 /var/www/html/wp-includes/rest-api/class-wp-rest-server.php(454): apply_filters('rest_post_dispa...', Object(WP_REST_Response), Object(WP_REST_Server), Object(WP_REST_Request))
#3 /var/www/html/wp-includes/rest-api.php(424): WP_REST_Server->serve_request('/wc/v3/products')
#4 /var/www/html/wp-includes/class-wp-hook.php(324): rest_api_loaded(Object(WP))
#5 /var/www/html/wp-includes/class-wp-hook.php(348): WP_Hook->apply_filters(NULL, Array)
#6 /var/www/html/wp-includes/plugin.php(565): WP_Hook->do_action(Array)
#7 /var/www/html/wp-includes/class-wp.php(418): do_action_ref_array('parse_request', Array)
#8 /var/www/html/wp-includes/class-wp.php(813): WP->parse_request('')
#9 /var/www/html/wp-includes/functions.php(1336): WP->main('')
#10 /var/www/html/wp-blog-header.php(16): wp()
#11 /var/www/html/index.php(17): require('/var/www/html/w...')
#12 {main}
  thrown в /var/www/html/wp-content/themes/my-theme/App/Filters/ProductFilter.php на строке 48

2023-12-08T09:11:30+00:00 CRITICAL syntax error, unexpected token ";" в /var/www/html/wp-content/themes/my-theme/App/Filters/ProductFilter.php на строке 52

