2023-12-09T02:23:46+00:00 CRITICAL Uncaught TypeError: call_user_func_array(): Argument #1 ($callback) must be a valid callback, non-static method App\Filters\ProductFilter::add_custom_price_to_groupped_response() cannot be called statically in /var/www/html/wp-includes/class-wp-hook.php:324
Stack trace:
#0 /var/www/html/wp-includes/plugin.php(205): WP_Hook->apply_filters(Object(WP_REST_Response), Array)
#1 /var/www/html/wp-content/plugins/woocommerce/includes/rest-api/Controllers/Version2/class-wc-rest-products-v2-controller.php(192): apply_filters('woocommerce_res...', Object(WP_REST_Response), Object(WC_Product_Grouped), Object(WP_REST_Request))
#2 /var/www/html/wp-content/plugins/woocommerce/includes/rest-api/Controllers/Version3/class-wc-rest-crud-controller.php(391): WC_REST_Products_V2_Controller->prepare_object_for_response(Object(WC_Product_Grouped), Object(WP_REST_Request))
#3 /var/www/html/wp-includes/rest-api/class-wp-rest-server.php(1193): WC_REST_CRUD_Controller->get_items(Object(WP_REST_Request))
#4 /var/www/html/wp-includes/rest-api/class-wp-rest-server.php(1041): WP_REST_Server->respond_to_request(Object(WP_REST_Request), '/wc/v3/products', Array, NULL)
#5 /var/www/html/wp-includes/rest-api/class-wp-rest-server.php(431): WP_REST_Server->dispatch(Object(WP_REST_Request))
#6 /var/www/html/wp-includes/rest-api.php(424): WP_REST_Server->serve_request('/wc/v3/products')
#7 /var/www/html/wp-includes/class-wp-hook.php(324): rest_api_loaded(Object(WP))
#8 /var/www/html/wp-includes/class-wp-hook.php(348): WP_Hook->apply_filters(NULL, Array)
#9 /var/www/html/wp-includes/plugin.php(565): WP_Hook->do_action(Array)
#10 /var/www/html/wp-includes/class-wp.php(418): do_action_ref_array('parse_request', Array)
#11 /var/www/html/wp-includes/class-wp.php(813): WP->parse_request('')
#12 /var/www/html/wp-includes/functions.php(1336): WP->main('')
#13 /var/www/html/wp-blog-header.php(16): wp()
#14 /var/www/html/index.php(17): require('/var/www/html/w...')
#15 {main}
  thrown в /var/www/html/wp-includes/class-wp-hook.php на строке 324

2023-12-09T05:26:19+00:00 CRITICAL Uncaught TypeError: App\Filters\ProductFilter::unsetMetadata(): Argument #1 ($response) must be of type WP_REST_Response, null given, called in /var/www/html/wp-includes/class-wp-hook.php on line 324 and defined in /var/www/html/wp-content/themes/my-theme/App/Filters/ProductFilter.php:122
Stack trace:
#0 /var/www/html/wp-includes/class-wp-hook.php(324): App\Filters\ProductFilter::unsetMetadata(NULL, Object(WC_Product_Grouped), Object(WP_REST_Request))
#1 /var/www/html/wp-includes/plugin.php(205): WP_Hook->apply_filters(NULL, Array)
#2 /var/www/html/wp-content/plugins/woocommerce/includes/rest-api/Controllers/Version2/class-wc-rest-products-v2-controller.php(192): apply_filters('woocommerce_res...', Object(WP_REST_Response), Object(WC_Product_Grouped), Object(WP_REST_Request))
#3 /var/www/html/wp-content/plugins/woocommerce/includes/rest-api/Controllers/Version3/class-wc-rest-crud-controller.php(391): WC_REST_Products_V2_Controller->prepare_object_for_response(Object(WC_Product_Grouped), Object(WP_REST_Request))
#4 /var/www/html/wp-includes/rest-api/class-wp-rest-server.php(1193): WC_REST_CRUD_Controller->get_items(Object(WP_REST_Request))
#5 /var/www/html/wp-includes/rest-api/class-wp-rest-server.php(1041): WP_REST_Server->respond_to_request(Object(WP_REST_Request), '/wc/v3/products', Array, NULL)
#6 /var/www/html/wp-includes/rest-api/class-wp-rest-server.php(431): WP_REST_Server->dispatch(Object(WP_REST_Request))
#7 /var/www/html/wp-includes/rest-api.php(424): WP_REST_Server->serve_request('/wc/v3/products')
#8 /var/www/html/wp-includes/class-wp-hook.php(324): rest_api_loaded(Object(WP))
#9 /var/www/html/wp-includes/class-wp-hook.php(348): WP_Hook->apply_filters(NULL, Array)
#10 /var/www/html/wp-includes/plugin.php(565): WP_Hook->do_action(Array)
#11 /var/www/html/wp-includes/class-wp.php(418): do_action_ref_array('parse_request', Array)
#12 /var/www/html/wp-includes/class-wp.php(813): WP->parse_request('')
#13 /var/www/html/wp-includes/functions.php(1336): WP->main('')
#14 /var/www/html/wp-blog-header.php(16): wp()
#15 /var/www/html/index.php(17): require('/var/www/html/w...')
#16 {main}
  thrown в /var/www/html/wp-content/themes/my-theme/App/Filters/ProductFilter.php на строке 122

2023-12-09T05:26:34+00:00 CRITICAL Uncaught TypeError: App\Filters\ProductFilter::unsetMetadata(): Argument #1 ($response) must be of type WP_REST_Response, null given, called in /var/www/html/wp-includes/class-wp-hook.php on line 324 and defined in /var/www/html/wp-content/themes/my-theme/App/Filters/ProductFilter.php:122
Stack trace:
#0 /var/www/html/wp-includes/class-wp-hook.php(324): App\Filters\ProductFilter::unsetMetadata(NULL, Object(WC_Product_Grouped), Object(WP_REST_Request))
#1 /var/www/html/wp-includes/plugin.php(205): WP_Hook->apply_filters(NULL, Array)
#2 /var/www/html/wp-content/plugins/woocommerce/includes/rest-api/Controllers/Version2/class-wc-rest-products-v2-controller.php(192): apply_filters('woocommerce_res...', Object(WP_REST_Response), Object(WC_Product_Grouped), Object(WP_REST_Request))
#3 /var/www/html/wp-content/plugins/woocommerce/includes/rest-api/Controllers/Version3/class-wc-rest-crud-controller.php(391): WC_REST_Products_V2_Controller->prepare_object_for_response(Object(WC_Product_Grouped), Object(WP_REST_Request))
#4 /var/www/html/wp-includes/rest-api/class-wp-rest-server.php(1193): WC_REST_CRUD_Controller->get_items(Object(WP_REST_Request))
#5 /var/www/html/wp-includes/rest-api/class-wp-rest-server.php(1041): WP_REST_Server->respond_to_request(Object(WP_REST_Request), '/wc/v3/products', Array, NULL)
#6 /var/www/html/wp-includes/rest-api/class-wp-rest-server.php(431): WP_REST_Server->dispatch(Object(WP_REST_Request))
#7 /var/www/html/wp-includes/rest-api.php(424): WP_REST_Server->serve_request('/wc/v3/products')
#8 /var/www/html/wp-includes/class-wp-hook.php(324): rest_api_loaded(Object(WP))
#9 /var/www/html/wp-includes/class-wp-hook.php(348): WP_Hook->apply_filters(NULL, Array)
#10 /var/www/html/wp-includes/plugin.php(565): WP_Hook->do_action(Array)
#11 /var/www/html/wp-includes/class-wp.php(418): do_action_ref_array('parse_request', Array)
#12 /var/www/html/wp-includes/class-wp.php(813): WP->parse_request('')
#13 /var/www/html/wp-includes/functions.php(1336): WP->main('')
#14 /var/www/html/wp-blog-header.php(16): wp()
#15 /var/www/html/index.php(17): require('/var/www/html/w...')
#16 {main}
  thrown в /var/www/html/wp-content/themes/my-theme/App/Filters/ProductFilter.php на строке 122

2023-12-09T05:27:54+00:00 CRITICAL Uncaught TypeError: App\Filters\ProductFilter::unsetMetadata(): Argument #1 ($response) must be of type WP_REST_Response, null given, called in /var/www/html/wp-includes/class-wp-hook.php on line 324 and defined in /var/www/html/wp-content/themes/my-theme/App/Filters/ProductFilter.php:125
Stack trace:
#0 /var/www/html/wp-includes/class-wp-hook.php(324): App\Filters\ProductFilter::unsetMetadata(NULL, Object(WC_Product_Grouped), Object(WP_REST_Request))
#1 /var/www/html/wp-includes/plugin.php(205): WP_Hook->apply_filters(NULL, Array)
#2 /var/www/html/wp-content/plugins/woocommerce/includes/rest-api/Controllers/Version2/class-wc-rest-products-v2-controller.php(192): apply_filters('woocommerce_res...', Object(WP_REST_Response), Object(WC_Product_Grouped), Object(WP_REST_Request))
#3 /var/www/html/wp-content/plugins/woocommerce/includes/rest-api/Controllers/Version3/class-wc-rest-crud-controller.php(391): WC_REST_Products_V2_Controller->prepare_object_for_response(Object(WC_Product_Grouped), Object(WP_REST_Request))
#4 /var/www/html/wp-includes/rest-api/class-wp-rest-server.php(1193): WC_REST_CRUD_Controller->get_items(Object(WP_REST_Request))
#5 /var/www/html/wp-includes/rest-api/class-wp-rest-server.php(1041): WP_REST_Server->respond_to_request(Object(WP_REST_Request), '/wc/v3/products', Array, NULL)
#6 /var/www/html/wp-includes/rest-api/class-wp-rest-server.php(431): WP_REST_Server->dispatch(Object(WP_REST_Request))
#7 /var/www/html/wp-includes/rest-api.php(424): WP_REST_Server->serve_request('/wc/v3/products')
#8 /var/www/html/wp-includes/class-wp-hook.php(324): rest_api_loaded(Object(WP))
#9 /var/www/html/wp-includes/class-wp-hook.php(348): WP_Hook->apply_filters(NULL, Array)
#10 /var/www/html/wp-includes/plugin.php(565): WP_Hook->do_action(Array)
#11 /var/www/html/wp-includes/class-wp.php(418): do_action_ref_array('parse_request', Array)
#12 /var/www/html/wp-includes/class-wp.php(813): WP->parse_request('')
#13 /var/www/html/wp-includes/functions.php(1336): WP->main('')
#14 /var/www/html/wp-blog-header.php(16): wp()
#15 /var/www/html/index.php(17): require('/var/www/html/w...')
#16 {main}
  thrown в /var/www/html/wp-content/themes/my-theme/App/Filters/ProductFilter.php на строке 125

2023-12-09T05:28:00+00:00 CRITICAL Uncaught TypeError: App\Filters\ProductFilter::unsetMetadata(): Argument #1 ($response) must be of type WP_REST_Response, null given, called in /var/www/html/wp-includes/class-wp-hook.php on line 324 and defined in /var/www/html/wp-content/themes/my-theme/App/Filters/ProductFilter.php:125
Stack trace:
#0 /var/www/html/wp-includes/class-wp-hook.php(324): App\Filters\ProductFilter::unsetMetadata(NULL, Object(WC_Product_Grouped), Object(WP_REST_Request))
#1 /var/www/html/wp-includes/plugin.php(205): WP_Hook->apply_filters(NULL, Array)
#2 /var/www/html/wp-content/plugins/woocommerce/includes/rest-api/Controllers/Version2/class-wc-rest-products-v2-controller.php(192): apply_filters('woocommerce_res...', Object(WP_REST_Response), Object(WC_Product_Grouped), Object(WP_REST_Request))
#3 /var/www/html/wp-content/plugins/woocommerce/includes/rest-api/Controllers/Version3/class-wc-rest-crud-controller.php(391): WC_REST_Products_V2_Controller->prepare_object_for_response(Object(WC_Product_Grouped), Object(WP_REST_Request))
#4 /var/www/html/wp-includes/rest-api/class-wp-rest-server.php(1193): WC_REST_CRUD_Controller->get_items(Object(WP_REST_Request))
#5 /var/www/html/wp-includes/rest-api/class-wp-rest-server.php(1041): WP_REST_Server->respond_to_request(Object(WP_REST_Request), '/wc/v3/products', Array, NULL)
#6 /var/www/html/wp-includes/rest-api/class-wp-rest-server.php(431): WP_REST_Server->dispatch(Object(WP_REST_Request))
#7 /var/www/html/wp-includes/rest-api.php(424): WP_REST_Server->serve_request('/wc/v3/products')
#8 /var/www/html/wp-includes/class-wp-hook.php(324): rest_api_loaded(Object(WP))
#9 /var/www/html/wp-includes/class-wp-hook.php(348): WP_Hook->apply_filters(NULL, Array)
#10 /var/www/html/wp-includes/plugin.php(565): WP_Hook->do_action(Array)
#11 /var/www/html/wp-includes/class-wp.php(418): do_action_ref_array('parse_request', Array)
#12 /var/www/html/wp-includes/class-wp.php(813): WP->parse_request('')
#13 /var/www/html/wp-includes/functions.php(1336): WP->main('')
#14 /var/www/html/wp-blog-header.php(16): wp()
#15 /var/www/html/index.php(17): require('/var/www/html/w...')
#16 {main}
  thrown в /var/www/html/wp-content/themes/my-theme/App/Filters/ProductFilter.php на строке 125

2023-12-09T05:28:01+00:00 CRITICAL Uncaught TypeError: App\Filters\ProductFilter::unsetMetadata(): Argument #1 ($response) must be of type WP_REST_Response, null given, called in /var/www/html/wp-includes/class-wp-hook.php on line 324 and defined in /var/www/html/wp-content/themes/my-theme/App/Filters/ProductFilter.php:125
Stack trace:
#0 /var/www/html/wp-includes/class-wp-hook.php(324): App\Filters\ProductFilter::unsetMetadata(NULL, Object(WC_Product_Grouped), Object(WP_REST_Request))
#1 /var/www/html/wp-includes/plugin.php(205): WP_Hook->apply_filters(NULL, Array)
#2 /var/www/html/wp-content/plugins/woocommerce/includes/rest-api/Controllers/Version2/class-wc-rest-products-v2-controller.php(192): apply_filters('woocommerce_res...', Object(WP_REST_Response), Object(WC_Product_Grouped), Object(WP_REST_Request))
#3 /var/www/html/wp-content/plugins/woocommerce/includes/rest-api/Controllers/Version3/class-wc-rest-crud-controller.php(391): WC_REST_Products_V2_Controller->prepare_object_for_response(Object(WC_Product_Grouped), Object(WP_REST_Request))
#4 /var/www/html/wp-includes/rest-api/class-wp-rest-server.php(1193): WC_REST_CRUD_Controller->get_items(Object(WP_REST_Request))
#5 /var/www/html/wp-includes/rest-api/class-wp-rest-server.php(1041): WP_REST_Server->respond_to_request(Object(WP_REST_Request), '/wc/v3/products', Array, NULL)
#6 /var/www/html/wp-includes/rest-api/class-wp-rest-server.php(431): WP_REST_Server->dispatch(Object(WP_REST_Request))
#7 /var/www/html/wp-includes/rest-api.php(424): WP_REST_Server->serve_request('/wc/v3/products')
#8 /var/www/html/wp-includes/class-wp-hook.php(324): rest_api_loaded(Object(WP))
#9 /var/www/html/wp-includes/class-wp-hook.php(348): WP_Hook->apply_filters(NULL, Array)
#10 /var/www/html/wp-includes/plugin.php(565): WP_Hook->do_action(Array)
#11 /var/www/html/wp-includes/class-wp.php(418): do_action_ref_array('parse_request', Array)
#12 /var/www/html/wp-includes/class-wp.php(813): WP->parse_request('')
#13 /var/www/html/wp-includes/functions.php(1336): WP->main('')
#14 /var/www/html/wp-blog-header.php(16): wp()
#15 /var/www/html/index.php(17): require('/var/www/html/w...')
#16 {main}
  thrown в /var/www/html/wp-content/themes/my-theme/App/Filters/ProductFilter.php на строке 125

2023-12-09T05:34:41+00:00 CRITICAL Uncaught TypeError: App\Filters\ProductFilter::unsetMetadata(): Argument #1 ($response) must be of type WP_REST_Response, null given, called in /var/www/html/wp-includes/class-wp-hook.php on line 324 and defined in /var/www/html/wp-content/themes/my-theme/App/Filters/ProductFilter.php:140
Stack trace:
#0 /var/www/html/wp-includes/class-wp-hook.php(324): App\Filters\ProductFilter::unsetMetadata(NULL, Object(WC_Product_Grouped), Object(WP_REST_Request))
#1 /var/www/html/wp-includes/plugin.php(205): WP_Hook->apply_filters(NULL, Array)
#2 /var/www/html/wp-content/plugins/woocommerce/includes/rest-api/Controllers/Version2/class-wc-rest-products-v2-controller.php(192): apply_filters('woocommerce_res...', Object(WP_REST_Response), Object(WC_Product_Grouped), Object(WP_REST_Request))
#3 /var/www/html/wp-content/plugins/woocommerce/includes/rest-api/Controllers/Version3/class-wc-rest-crud-controller.php(391): WC_REST_Products_V2_Controller->prepare_object_for_response(Object(WC_Product_Grouped), Object(WP_REST_Request))
#4 /var/www/html/wp-includes/rest-api/class-wp-rest-server.php(1193): WC_REST_CRUD_Controller->get_items(Object(WP_REST_Request))
#5 /var/www/html/wp-includes/rest-api/class-wp-rest-server.php(1041): WP_REST_Server->respond_to_request(Object(WP_REST_Request), '/wc/v3/products', Array, NULL)
#6 /var/www/html/wp-includes/rest-api/class-wp-rest-server.php(431): WP_REST_Server->dispatch(Object(WP_REST_Request))
#7 /var/www/html/wp-includes/rest-api.php(424): WP_REST_Server->serve_request('/wc/v3/products')
#8 /var/www/html/wp-includes/class-wp-hook.php(324): rest_api_loaded(Object(WP))
#9 /var/www/html/wp-includes/class-wp-hook.php(348): WP_Hook->apply_filters(NULL, Array)
#10 /var/www/html/wp-includes/plugin.php(565): WP_Hook->do_action(Array)
#11 /var/www/html/wp-includes/class-wp.php(418): do_action_ref_array('parse_request', Array)
#12 /var/www/html/wp-includes/class-wp.php(813): WP->parse_request('')
#13 /var/www/html/wp-includes/functions.php(1336): WP->main('')
#14 /var/www/html/wp-blog-header.php(16): wp()
#15 /var/www/html/index.php(17): require('/var/www/html/w...')
#16 {main}
  thrown в /var/www/html/wp-content/themes/my-theme/App/Filters/ProductFilter.php на строке 140

2023-12-09T05:35:00+00:00 CRITICAL Uncaught TypeError: App\Filters\ProductFilter::unsetMetadata(): Argument #1 ($response) must be of type WP_REST_Response, null given, called in /var/www/html/wp-includes/class-wp-hook.php on line 324 and defined in /var/www/html/wp-content/themes/my-theme/App/Filters/ProductFilter.php:142
Stack trace:
#0 /var/www/html/wp-includes/class-wp-hook.php(324): App\Filters\ProductFilter::unsetMetadata(NULL, Object(WC_Product_Grouped), Object(WP_REST_Request))
#1 /var/www/html/wp-includes/plugin.php(205): WP_Hook->apply_filters(NULL, Array)
#2 /var/www/html/wp-content/plugins/woocommerce/includes/rest-api/Controllers/Version2/class-wc-rest-products-v2-controller.php(192): apply_filters('woocommerce_res...', Object(WP_REST_Response), Object(WC_Product_Grouped), Object(WP_REST_Request))
#3 /var/www/html/wp-content/plugins/woocommerce/includes/rest-api/Controllers/Version3/class-wc-rest-crud-controller.php(391): WC_REST_Products_V2_Controller->prepare_object_for_response(Object(WC_Product_Grouped), Object(WP_REST_Request))
#4 /var/www/html/wp-includes/rest-api/class-wp-rest-server.php(1193): WC_REST_CRUD_Controller->get_items(Object(WP_REST_Request))
#5 /var/www/html/wp-includes/rest-api/class-wp-rest-server.php(1041): WP_REST_Server->respond_to_request(Object(WP_REST_Request), '/wc/v3/products', Array, NULL)
#6 /var/www/html/wp-includes/rest-api/class-wp-rest-server.php(431): WP_REST_Server->dispatch(Object(WP_REST_Request))
#7 /var/www/html/wp-includes/rest-api.php(424): WP_REST_Server->serve_request('/wc/v3/products')
#8 /var/www/html/wp-includes/class-wp-hook.php(324): rest_api_loaded(Object(WP))
#9 /var/www/html/wp-includes/class-wp-hook.php(348): WP_Hook->apply_filters(NULL, Array)
#10 /var/www/html/wp-includes/plugin.php(565): WP_Hook->do_action(Array)
#11 /var/www/html/wp-includes/class-wp.php(418): do_action_ref_array('parse_request', Array)
#12 /var/www/html/wp-includes/class-wp.php(813): WP->parse_request('')
#13 /var/www/html/wp-includes/functions.php(1336): WP->main('')
#14 /var/www/html/wp-blog-header.php(16): wp()
#15 /var/www/html/index.php(17): require('/var/www/html/w...')
#16 {main}
  thrown в /var/www/html/wp-content/themes/my-theme/App/Filters/ProductFilter.php на строке 142

2023-12-09T05:35:01+00:00 CRITICAL Uncaught TypeError: App\Filters\ProductFilter::unsetMetadata(): Argument #1 ($response) must be of type WP_REST_Response, null given, called in /var/www/html/wp-includes/class-wp-hook.php on line 324 and defined in /var/www/html/wp-content/themes/my-theme/App/Filters/ProductFilter.php:142
Stack trace:
#0 /var/www/html/wp-includes/class-wp-hook.php(324): App\Filters\ProductFilter::unsetMetadata(NULL, Object(WC_Product_Grouped), Object(WP_REST_Request))
#1 /var/www/html/wp-includes/plugin.php(205): WP_Hook->apply_filters(NULL, Array)
#2 /var/www/html/wp-content/plugins/woocommerce/includes/rest-api/Controllers/Version2/class-wc-rest-products-v2-controller.php(192): apply_filters('woocommerce_res...', Object(WP_REST_Response), Object(WC_Product_Grouped), Object(WP_REST_Request))
#3 /var/www/html/wp-content/plugins/woocommerce/includes/rest-api/Controllers/Version3/class-wc-rest-crud-controller.php(391): WC_REST_Products_V2_Controller->prepare_object_for_response(Object(WC_Product_Grouped), Object(WP_REST_Request))
#4 /var/www/html/wp-includes/rest-api/class-wp-rest-server.php(1193): WC_REST_CRUD_Controller->get_items(Object(WP_REST_Request))
#5 /var/www/html/wp-includes/rest-api/class-wp-rest-server.php(1041): WP_REST_Server->respond_to_request(Object(WP_REST_Request), '/wc/v3/products', Array, NULL)
#6 /var/www/html/wp-includes/rest-api/class-wp-rest-server.php(431): WP_REST_Server->dispatch(Object(WP_REST_Request))
#7 /var/www/html/wp-includes/rest-api.php(424): WP_REST_Server->serve_request('/wc/v3/products')
#8 /var/www/html/wp-includes/class-wp-hook.php(324): rest_api_loaded(Object(WP))
#9 /var/www/html/wp-includes/class-wp-hook.php(348): WP_Hook->apply_filters(NULL, Array)
#10 /var/www/html/wp-includes/plugin.php(565): WP_Hook->do_action(Array)
#11 /var/www/html/wp-includes/class-wp.php(418): do_action_ref_array('parse_request', Array)
#12 /var/www/html/wp-includes/class-wp.php(813): WP->parse_request('')
#13 /var/www/html/wp-includes/functions.php(1336): WP->main('')
#14 /var/www/html/wp-blog-header.php(16): wp()
#15 /var/www/html/index.php(17): require('/var/www/html/w...')
#16 {main}
  thrown в /var/www/html/wp-content/themes/my-theme/App/Filters/ProductFilter.php на строке 142

2023-12-09T05:35:01+00:00 CRITICAL Uncaught TypeError: App\Filters\ProductFilter::unsetMetadata(): Argument #1 ($response) must be of type WP_REST_Response, null given, called in /var/www/html/wp-includes/class-wp-hook.php on line 324 and defined in /var/www/html/wp-content/themes/my-theme/App/Filters/ProductFilter.php:142
Stack trace:
#0 /var/www/html/wp-includes/class-wp-hook.php(324): App\Filters\ProductFilter::unsetMetadata(NULL, Object(WC_Product_Grouped), Object(WP_REST_Request))
#1 /var/www/html/wp-includes/plugin.php(205): WP_Hook->apply_filters(NULL, Array)
#2 /var/www/html/wp-content/plugins/woocommerce/includes/rest-api/Controllers/Version2/class-wc-rest-products-v2-controller.php(192): apply_filters('woocommerce_res...', Object(WP_REST_Response), Object(WC_Product_Grouped), Object(WP_REST_Request))
#3 /var/www/html/wp-content/plugins/woocommerce/includes/rest-api/Controllers/Version3/class-wc-rest-crud-controller.php(391): WC_REST_Products_V2_Controller->prepare_object_for_response(Object(WC_Product_Grouped), Object(WP_REST_Request))
#4 /var/www/html/wp-includes/rest-api/class-wp-rest-server.php(1193): WC_REST_CRUD_Controller->get_items(Object(WP_REST_Request))
#5 /var/www/html/wp-includes/rest-api/class-wp-rest-server.php(1041): WP_REST_Server->respond_to_request(Object(WP_REST_Request), '/wc/v3/products', Array, NULL)
#6 /var/www/html/wp-includes/rest-api/class-wp-rest-server.php(431): WP_REST_Server->dispatch(Object(WP_REST_Request))
#7 /var/www/html/wp-includes/rest-api.php(424): WP_REST_Server->serve_request('/wc/v3/products')
#8 /var/www/html/wp-includes/class-wp-hook.php(324): rest_api_loaded(Object(WP))
#9 /var/www/html/wp-includes/class-wp-hook.php(348): WP_Hook->apply_filters(NULL, Array)
#10 /var/www/html/wp-includes/plugin.php(565): WP_Hook->do_action(Array)
#11 /var/www/html/wp-includes/class-wp.php(418): do_action_ref_array('parse_request', Array)
#12 /var/www/html/wp-includes/class-wp.php(813): WP->parse_request('')
#13 /var/www/html/wp-includes/functions.php(1336): WP->main('')
#14 /var/www/html/wp-blog-header.php(16): wp()
#15 /var/www/html/index.php(17): require('/var/www/html/w...')
#16 {main}
  thrown в /var/www/html/wp-content/themes/my-theme/App/Filters/ProductFilter.php на строке 142

2023-12-09T06:01:03+00:00 CRITICAL syntax error, unexpected variable "$producer" в /var/www/html/wp-content/themes/my-theme/App/Filters/ProductFilter.php на строке 60

2023-12-09T06:01:06+00:00 CRITICAL syntax error, unexpected variable "$producer" в /var/www/html/wp-content/themes/my-theme/App/Filters/ProductFilter.php на строке 60

2023-12-09T06:01:09+00:00 CRITICAL syntax error, unexpected variable "$producer" в /var/www/html/wp-content/themes/my-theme/App/Filters/ProductFilter.php на строке 60

2023-12-09T06:24:59+00:00 CRITICAL 'break' not in the 'loop' or 'switch' context в /var/www/html/wp-content/themes/my-theme/App/Filters/ProductFilter.php на строке 44

2023-12-09T06:25:02+00:00 CRITICAL syntax error, unexpected token ")" в /var/www/html/wp-content/themes/my-theme/App/Filters/ProductFilter.php на строке 38

2023-12-09T06:25:12+00:00 CRITICAL 'break' not in the 'loop' or 'switch' context в /var/www/html/wp-content/themes/my-theme/App/Filters/ProductFilter.php на строке 49

