2023-12-11T05:37:30+00:00 CRITICAL Uncaught TypeError: App\Filters\ProductFilter::without_grouped_products(): Argument #2 ($product) must be of type WC_Product, array given, called in /var/www/html/wp-includes/class-wp-hook.php on line 324 and defined in /var/www/html/wp-content/themes/my-theme/App/Filters/ProductFilter.php:27
Stack trace:
#0 /var/www/html/wp-includes/class-wp-hook.php(324): App\Filters\ProductFilter::without_grouped_products(Object(WP_REST_Response), Array, Object(WP_REST_Request))
#1 /var/www/html/wp-includes/plugin.php(205): WP_Hook->apply_filters(Object(WP_REST_Response), Array)
#2 /var/www/html/wp-content/themes/my-theme/index.php(38): apply_filters('woocommerce_res...', Object(WP_REST_Response), Array, Object(WP_REST_Request))
#3 [internal function]: {closure}(Object(WP_Post))
#4 /var/www/html/wp-content/themes/my-theme/index.php(40): array_map(Object(Closure), Array)
#5 /var/www/html/wp-includes/template-loader.php(106): include('/var/www/html/w...')
#6 /var/www/html/wp-blog-header.php(19): require_once('/var/www/html/w...')
#7 /var/www/html/index.php(17): require('/var/www/html/w...')
#8 {main}
  thrown в /var/www/html/wp-content/themes/my-theme/App/Filters/ProductFilter.php на строке 27

2023-12-11T05:37:31+00:00 CRITICAL Uncaught TypeError: App\Filters\ProductFilter::without_grouped_products(): Argument #2 ($product) must be of type WC_Product, array given, called in /var/www/html/wp-includes/class-wp-hook.php on line 324 and defined in /var/www/html/wp-content/themes/my-theme/App/Filters/ProductFilter.php:27
Stack trace:
#0 /var/www/html/wp-includes/class-wp-hook.php(324): App\Filters\ProductFilter::without_grouped_products(Object(WP_REST_Response), Array, Object(WP_REST_Request))
#1 /var/www/html/wp-includes/plugin.php(205): WP_Hook->apply_filters(Object(WP_REST_Response), Array)
#2 /var/www/html/wp-content/themes/my-theme/index.php(38): apply_filters('woocommerce_res...', Object(WP_REST_Response), Array, Object(WP_REST_Request))
#3 [internal function]: {closure}(Object(WP_Post))
#4 /var/www/html/wp-content/themes/my-theme/index.php(40): array_map(Object(Closure), Array)
#5 /var/www/html/wp-includes/template-loader.php(106): include('/var/www/html/w...')
#6 /var/www/html/wp-blog-header.php(19): require_once('/var/www/html/w...')
#7 /var/www/html/index.php(17): require('/var/www/html/w...')
#8 {main}
  thrown в /var/www/html/wp-content/themes/my-theme/App/Filters/ProductFilter.php на строке 27

2023-12-11T05:37:31+00:00 CRITICAL Uncaught TypeError: App\Filters\ProductFilter::without_grouped_products(): Argument #2 ($product) must be of type WC_Product, array given, called in /var/www/html/wp-includes/class-wp-hook.php on line 324 and defined in /var/www/html/wp-content/themes/my-theme/App/Filters/ProductFilter.php:27
Stack trace:
#0 /var/www/html/wp-includes/class-wp-hook.php(324): App\Filters\ProductFilter::without_grouped_products(Object(WP_REST_Response), Array, Object(WP_REST_Request))
#1 /var/www/html/wp-includes/plugin.php(205): WP_Hook->apply_filters(Object(WP_REST_Response), Array)
#2 /var/www/html/wp-content/themes/my-theme/index.php(38): apply_filters('woocommerce_res...', Object(WP_REST_Response), Array, Object(WP_REST_Request))
#3 [internal function]: {closure}(Object(WP_Post))
#4 /var/www/html/wp-content/themes/my-theme/index.php(40): array_map(Object(Closure), Array)
#5 /var/www/html/wp-includes/template-loader.php(106): include('/var/www/html/w...')
#6 /var/www/html/wp-blog-header.php(19): require_once('/var/www/html/w...')
#7 /var/www/html/index.php(17): require('/var/www/html/w...')
#8 {main}
  thrown в /var/www/html/wp-content/themes/my-theme/App/Filters/ProductFilter.php на строке 27

2023-12-11T05:37:45+00:00 CRITICAL Uncaught TypeError: App\Filters\ProductFilter::without_grouped_products(): Argument #2 ($product) must be of type WC_Product, stdClass given, called in /var/www/html/wp-includes/class-wp-hook.php on line 324 and defined in /var/www/html/wp-content/themes/my-theme/App/Filters/ProductFilter.php:27
Stack trace:
#0 /var/www/html/wp-includes/class-wp-hook.php(324): App\Filters\ProductFilter::without_grouped_products(Object(WP_REST_Response), Object(stdClass), Object(WP_REST_Request))
#1 /var/www/html/wp-includes/plugin.php(205): WP_Hook->apply_filters(Object(WP_REST_Response), Array)
#2 /var/www/html/wp-content/themes/my-theme/index.php(38): apply_filters('woocommerce_res...', Object(WP_REST_Response), Object(stdClass), Object(WP_REST_Request))
#3 [internal function]: {closure}(Object(WP_Post))
#4 /var/www/html/wp-content/themes/my-theme/index.php(40): array_map(Object(Closure), Array)
#5 /var/www/html/wp-includes/template-loader.php(106): include('/var/www/html/w...')
#6 /var/www/html/wp-blog-header.php(19): require_once('/var/www/html/w...')
#7 /var/www/html/index.php(17): require('/var/www/html/w...')
#8 {main}
  thrown в /var/www/html/wp-content/themes/my-theme/App/Filters/ProductFilter.php на строке 27

2023-12-11T05:37:45+00:00 CRITICAL Uncaught TypeError: App\Filters\ProductFilter::without_grouped_products(): Argument #2 ($product) must be of type WC_Product, stdClass given, called in /var/www/html/wp-includes/class-wp-hook.php on line 324 and defined in /var/www/html/wp-content/themes/my-theme/App/Filters/ProductFilter.php:27
Stack trace:
#0 /var/www/html/wp-includes/class-wp-hook.php(324): App\Filters\ProductFilter::without_grouped_products(Object(WP_REST_Response), Object(stdClass), Object(WP_REST_Request))
#1 /var/www/html/wp-includes/plugin.php(205): WP_Hook->apply_filters(Object(WP_REST_Response), Array)
#2 /var/www/html/wp-content/themes/my-theme/index.php(38): apply_filters('woocommerce_res...', Object(WP_REST_Response), Object(stdClass), Object(WP_REST_Request))
#3 [internal function]: {closure}(Object(WP_Post))
#4 /var/www/html/wp-content/themes/my-theme/index.php(40): array_map(Object(Closure), Array)
#5 /var/www/html/wp-includes/template-loader.php(106): include('/var/www/html/w...')
#6 /var/www/html/wp-blog-header.php(19): require_once('/var/www/html/w...')
#7 /var/www/html/index.php(17): require('/var/www/html/w...')
#8 {main}
  thrown в /var/www/html/wp-content/themes/my-theme/App/Filters/ProductFilter.php на строке 27

2023-12-11T05:37:46+00:00 CRITICAL Uncaught TypeError: App\Filters\ProductFilter::without_grouped_products(): Argument #2 ($product) must be of type WC_Product, stdClass given, called in /var/www/html/wp-includes/class-wp-hook.php on line 324 and defined in /var/www/html/wp-content/themes/my-theme/App/Filters/ProductFilter.php:27
Stack trace:
#0 /var/www/html/wp-includes/class-wp-hook.php(324): App\Filters\ProductFilter::without_grouped_products(Object(WP_REST_Response), Object(stdClass), Object(WP_REST_Request))
#1 /var/www/html/wp-includes/plugin.php(205): WP_Hook->apply_filters(Object(WP_REST_Response), Array)
#2 /var/www/html/wp-content/themes/my-theme/index.php(38): apply_filters('woocommerce_res...', Object(WP_REST_Response), Object(stdClass), Object(WP_REST_Request))
#3 [internal function]: {closure}(Object(WP_Post))
#4 /var/www/html/wp-content/themes/my-theme/index.php(40): array_map(Object(Closure), Array)
#5 /var/www/html/wp-includes/template-loader.php(106): include('/var/www/html/w...')
#6 /var/www/html/wp-blog-header.php(19): require_once('/var/www/html/w...')
#7 /var/www/html/index.php(17): require('/var/www/html/w...')
#8 {main}
  thrown в /var/www/html/wp-content/themes/my-theme/App/Filters/ProductFilter.php на строке 27

2023-12-11T07:17:04+00:00 CRITICAL syntax error, unexpected variable "$q" в /var/www/html/wp-content/themes/my-theme/functions.php на строке 94

2023-12-11T07:36:19+00:00 CRITICAL Uncaught Error: Undefined constant "GENERALY_SETTINGS_ID" in /var/www/html/wp-content/plugins/register-settings-button-admin/register-settings-button-admin.php:62
Stack trace:
#0 /var/www/html/wp-includes/class-wp-hook.php(324): exclude_post_from_admin(Object(WP_Query))
#1 /var/www/html/wp-includes/class-wp-hook.php(348): WP_Hook->apply_filters('', Array)
#2 /var/www/html/wp-includes/plugin.php(565): WP_Hook->do_action(Array)
#3 /var/www/html/wp-includes/class-wp-query.php(1881): do_action_ref_array('pre_get_posts', Array)
#4 /var/www/html/wp-includes/class-wp-query.php(3824): WP_Query->get_posts()
#5 /var/www/html/wp-includes/post.php(2452): WP_Query->query(Array)
#6 /var/www/html/wp-includes/class-wp-customize-manager.php(1059): get_posts(Array)
#7 /var/www/html/wp-includes/class-wp-customize-manager.php(633): WP_Customize_Manager->get_changeset_posts(Array)
#8 /var/www/html/wp-includes/class-wp-hook.php(324): WP_Customize_Manager->establish_loaded_changeset('')
#9 /var/www/html/wp-includes/class-wp-hook.php(348): WP_Hook->apply_filters(NULL, Array)
#10 /var/www/html/wp-includes/plugin.php(517): WP_Hook->do_action(Array)
#11 /var/www/html/wp-settings.php(621): do_action('after_setup_the...')
#12 /var/www/html/wp-config.php(96): require_once('/var/www/html/w...')
#13 /var/www/html/wp-load.php(50): require_once('/var/www/html/w...')
#14 /var/www/html/wp-admin/admin.php(34): require_once('/var/www/html/w...')
#15 /var/www/html/wp-admin/customize.php(13): require_once('/var/www/html/w...')
#16 {main}
  thrown в /var/www/html/wp-content/plugins/register-settings-button-admin/register-settings-button-admin.php на строке 62

2023-12-11T07:36:38+00:00 CRITICAL Uncaught Error: Undefined constant "GENERALY_SETTINGS_ID" in /var/www/html/wp-content/plugins/register-settings-button-admin/register-settings-button-admin.php:62
Stack trace:
#0 /var/www/html/wp-includes/class-wp-hook.php(324): exclude_post_from_admin(Object(WP_Query))
#1 /var/www/html/wp-includes/class-wp-hook.php(348): WP_Hook->apply_filters('', Array)
#2 /var/www/html/wp-includes/plugin.php(565): WP_Hook->do_action(Array)
#3 /var/www/html/wp-includes/class-wp-query.php(1881): do_action_ref_array('pre_get_posts', Array)
#4 /var/www/html/wp-includes/class-wp-query.php(3824): WP_Query->get_posts()
#5 /var/www/html/wp-includes/post.php(2452): WP_Query->query(Array)
#6 /var/www/html/wp-includes/class-wp-customize-manager.php(1059): get_posts(Array)
#7 /var/www/html/wp-includes/class-wp-customize-manager.php(633): WP_Customize_Manager->get_changeset_posts(Array)
#8 /var/www/html/wp-includes/class-wp-hook.php(324): WP_Customize_Manager->establish_loaded_changeset('')
#9 /var/www/html/wp-includes/class-wp-hook.php(348): WP_Hook->apply_filters(NULL, Array)
#10 /var/www/html/wp-includes/plugin.php(517): WP_Hook->do_action(Array)
#11 /var/www/html/wp-settings.php(621): do_action('after_setup_the...')
#12 /var/www/html/wp-config.php(96): require_once('/var/www/html/w...')
#13 /var/www/html/wp-load.php(50): require_once('/var/www/html/w...')
#14 /var/www/html/wp-admin/admin.php(34): require_once('/var/www/html/w...')
#15 /var/www/html/wp-admin/customize.php(13): require_once('/var/www/html/w...')
#16 {main}
  thrown в /var/www/html/wp-content/plugins/register-settings-button-admin/register-settings-button-admin.php на строке 62

2023-12-11T07:44:33+00:00 CRITICAL syntax error, unexpected token "}", expecting ";" в /var/www/html/wp-content/themes/my-theme/functions.php на строке 105

2023-12-11T12:53:50+00:00 CRITICAL syntax error, unexpected token "}" в /var/www/html/wp-content/themes/my-theme/functions.php на строке 116

2023-12-11T12:53:51+00:00 CRITICAL syntax error, unexpected token "}" в /var/www/html/wp-content/themes/my-theme/functions.php на строке 116

