2023-12-06T02:51:00+00:00 CRITICAL syntax error, unexpected token ")" в /var/www/html/wp-content/themes/my-theme/App/Filters/ProductFilter.php на строке 28

2023-12-06T03:09:53+00:00 CRITICAL Uncaught Error: Call to private method App\Models\UserModel::getCurrentUser() from scope App\Controllers\UserController in /var/www/html/wp-content/themes/my-theme/App/Controllers/UserController.php:154
Stack trace:
#0 /var/www/html/wp-includes/rest-api/class-wp-rest-server.php(1193): App\Controllers\UserController->getCurrentUser(Object(WP_REST_Request))
#1 /var/www/html/wp-includes/rest-api/class-wp-rest-server.php(1041): WP_REST_Server->respond_to_request(Object(WP_REST_Request), '/wp/v2/users/cu...', Array, NULL)
#2 /var/www/html/wp-includes/rest-api/class-wp-rest-server.php(431): WP_REST_Server->dispatch(Object(WP_REST_Request))
#3 /var/www/html/wp-includes/rest-api.php(424): WP_REST_Server->serve_request('/wp/v2/users/cu...')
#4 /var/www/html/wp-includes/class-wp-hook.php(324): rest_api_loaded(Object(WP))
#5 /var/www/html/wp-includes/class-wp-hook.php(348): WP_Hook->apply_filters(NULL, Array)
#6 /var/www/html/wp-includes/plugin.php(565): WP_Hook->do_action(Array)
#7 /var/www/html/wp-includes/class-wp.php(418): do_action_ref_array('parse_request', Array)
#8 /var/www/html/wp-includes/class-wp.php(813): WP->parse_request('')
#9 /var/www/html/wp-includes/functions.php(1336): WP->main('')
#10 /var/www/html/wp-blog-header.php(16): wp()
#11 /var/www/html/index.php(17): require('/var/www/html/w...')
#12 {main}
  thrown в /var/www/html/wp-content/themes/my-theme/App/Controllers/UserController.php на строке 154

2023-12-06T03:17:37+00:00 CRITICAL Uncaught TypeError: App\Models\UserModel::checkUserByField(): Argument #1 ($field) must be of type string, null given, called in /var/www/html/wp-content/themes/my-theme/App/Controllers/UserController.php on line 144 and defined in /var/www/html/wp-content/themes/my-theme/App/Models/UserModel.php:68
Stack trace:
#0 /var/www/html/wp-content/themes/my-theme/App/Controllers/UserController.php(144): App\Models\UserModel::checkUserByField(NULL, NULL)
#1 /var/www/html/wp-includes/rest-api/class-wp-rest-server.php(1193): App\Controllers\UserController->checkExistingUser(Object(WP_REST_Request))
#2 /var/www/html/wp-includes/rest-api/class-wp-rest-server.php(1041): WP_REST_Server->respond_to_request(Object(WP_REST_Request), '/wp/v2/users/ch...', Array, NULL)
#3 /var/www/html/wp-includes/rest-api/class-wp-rest-server.php(431): WP_REST_Server->dispatch(Object(WP_REST_Request))
#4 /var/www/html/wp-includes/rest-api.php(424): WP_REST_Server->serve_request('/wp/v2/users/ch...')
#5 /var/www/html/wp-includes/class-wp-hook.php(324): rest_api_loaded(Object(WP))
#6 /var/www/html/wp-includes/class-wp-hook.php(348): WP_Hook->apply_filters(NULL, Array)
#7 /var/www/html/wp-includes/plugin.php(565): WP_Hook->do_action(Array)
#8 /var/www/html/wp-includes/class-wp.php(418): do_action_ref_array('parse_request', Array)
#9 /var/www/html/wp-includes/class-wp.php(813): WP->parse_request('')
#10 /var/www/html/wp-includes/functions.php(1336): WP->main('')
#11 /var/www/html/wp-blog-header.php(16): wp()
#12 /var/www/html/index.php(17): require('/var/www/html/w...')
#13 {main}
  thrown в /var/www/html/wp-content/themes/my-theme/App/Models/UserModel.php на строке 68

