2024-01-14T05:47:59+00:00 CRITICAL syntax error, unexpected token "if" в /var/www/html/wp-content/themes/my-theme/App/Filters/ProductFilter.php на строке 30

2024-01-14T05:49:36+00:00 CRITICAL syntax error, unexpected token "as", expecting variable or "{" or "$" в /var/www/html/wp-content/themes/my-theme/App/Filters/ProductFilter.php на строке 40

2024-01-14T09:07:16+00:00 CRITICAL syntax error, unexpected identifier "Router" в /var/www/html/wp-content/themes/my-theme/App/routes.php на строке 20

2024-01-14T09:07:22+00:00 CRITICAL syntax error, unexpected identifier "Router" в /var/www/html/wp-content/themes/my-theme/App/routes.php на строке 20

2024-01-14T09:07:34+00:00 CRITICAL syntax error, unexpected identifier "Router" в /var/www/html/wp-content/themes/my-theme/App/routes.php на строке 20

2024-01-14T09:07:38+00:00 CRITICAL syntax error, unexpected identifier "Router" в /var/www/html/wp-content/themes/my-theme/App/routes.php на строке 20

2024-01-14T09:08:13+00:00 CRITICAL syntax error, unexpected identifier "Router" в /var/www/html/wp-content/themes/my-theme/App/routes.php на строке 20

2024-01-14T09:09:08+00:00 CRITICAL syntax error, unexpected identifier "Router" в /var/www/html/wp-content/themes/my-theme/App/routes.php на строке 20

2024-01-14T09:09:16+00:00 CRITICAL syntax error, unexpected identifier "Router" в /var/www/html/wp-content/themes/my-theme/App/routes.php на строке 20

2024-01-14T09:09:22+00:00 CRITICAL syntax error, unexpected identifier "Router" в /var/www/html/wp-content/themes/my-theme/App/routes.php на строке 20

2024-01-14T09:09:34+00:00 CRITICAL syntax error, unexpected identifier "Router" в /var/www/html/wp-content/themes/my-theme/App/routes.php на строке 20

2024-01-14T09:09:38+00:00 CRITICAL syntax error, unexpected identifier "Router" в /var/www/html/wp-content/themes/my-theme/App/routes.php на строке 20

2024-01-14T09:10:13+00:00 CRITICAL syntax error, unexpected identifier "Router" в /var/www/html/wp-content/themes/my-theme/App/routes.php на строке 20

2024-01-14T09:11:16+00:00 CRITICAL syntax error, unexpected token ")" в /var/www/html/wp-content/themes/my-theme/App/routes.php на строке 17

2024-01-14T09:14:41+00:00 CRITICAL syntax error, unexpected identifier "Router" в /var/www/html/wp-content/themes/my-theme/App/routes.php на строке 22

2024-01-14T09:19:16+00:00 CRITICAL syntax error, unexpected token ")" в /var/www/html/wp-content/themes/my-theme/App/routes.php на строке 17

2024-01-14T09:19:22+00:00 CRITICAL syntax error, unexpected token ")" в /var/www/html/wp-content/themes/my-theme/App/routes.php на строке 17

2024-01-14T09:19:35+00:00 CRITICAL syntax error, unexpected token ")" в /var/www/html/wp-content/themes/my-theme/App/routes.php на строке 17

2024-01-14T09:19:39+00:00 CRITICAL syntax error, unexpected token ")" в /var/www/html/wp-content/themes/my-theme/App/routes.php на строке 17

2024-01-14T09:20:10+00:00 CRITICAL Uncaught Error: Call to undefined method App\Requests\UserRequest::createCustomProduct() in /var/www/html/wp-content/themes/my-theme/App/Classes/Router.php:70
Stack trace:
#0 /var/www/html/wp-content/themes/my-theme/App/Classes/Router.php(22): App\Classes\Router::addRoute('/products/custo...', 'POST', 'ProductControll...', NULL, 'UserRequest', 'wc/v3')
#1 /var/www/html/wp-content/themes/my-theme/App/routes.php(17): App\Classes\Router::post('/products/custo...', 'ProductControll...', NULL, 'UserRequest', 'wc/v3')
#2 /var/www/html/wp-includes/class-wp-hook.php(324): {closure}(Object(WP_REST_Server))
#3 /var/www/html/wp-includes/class-wp-hook.php(348): WP_Hook->apply_filters(NULL, Array)
#4 /var/www/html/wp-includes/plugin.php(517): WP_Hook->do_action(Array)
#5 /var/www/html/wp-includes/rest-api.php(593): do_action('rest_api_init', Object(WP_REST_Server))
#6 /var/www/html/wp-includes/rest-api.php(417): rest_get_server()
#7 /var/www/html/wp-includes/class-wp-hook.php(324): rest_api_loaded(Object(WP))
#8 /var/www/html/wp-includes/class-wp-hook.php(348): WP_Hook->apply_filters(NULL, Array)
#9 /var/www/html/wp-includes/plugin.php(565): WP_Hook->do_action(Array)
#10 /var/www/html/wp-includes/class-wp.php(418): do_action_ref_array('parse_request', Array)
#11 /var/www/html/wp-includes/class-wp.php(813): WP->parse_request('')
#12 /var/www/html/wp-includes/functions.php(1336): WP->main('')
#13 /var/www/html/wp-blog-header.php(16): wp()
#14 /var/www/html/index.php(17): require('/var/www/html/w...')
#15 {main}
  thrown в /var/www/html/wp-content/themes/my-theme/App/Classes/Router.php на строке 70

2024-01-14T09:20:35+00:00 CRITICAL Uncaught Error: Call to undefined method App\Requests\UserRequest::createCustomProduct() in /var/www/html/wp-content/themes/my-theme/App/Classes/Router.php:70
Stack trace:
#0 /var/www/html/wp-content/themes/my-theme/App/Classes/Router.php(22): App\Classes\Router::addRoute('/products/custo...', 'POST', 'ProductControll...', NULL, 'UserRequest', 'wc/v3')
#1 /var/www/html/wp-content/themes/my-theme/App/routes.php(17): App\Classes\Router::post('/products/custo...', 'ProductControll...', NULL, 'UserRequest', 'wc/v3')
#2 /var/www/html/wp-includes/class-wp-hook.php(324): {closure}(Object(WP_REST_Server))
#3 /var/www/html/wp-includes/class-wp-hook.php(348): WP_Hook->apply_filters(NULL, Array)
#4 /var/www/html/wp-includes/plugin.php(517): WP_Hook->do_action(Array)
#5 /var/www/html/wp-includes/rest-api.php(593): do_action('rest_api_init', Object(WP_REST_Server))
#6 /var/www/html/wp-includes/rest-api.php(417): rest_get_server()
#7 /var/www/html/wp-includes/class-wp-hook.php(324): rest_api_loaded(Object(WP))
#8 /var/www/html/wp-includes/class-wp-hook.php(348): WP_Hook->apply_filters(NULL, Array)
#9 /var/www/html/wp-includes/plugin.php(565): WP_Hook->do_action(Array)
#10 /var/www/html/wp-includes/class-wp.php(418): do_action_ref_array('parse_request', Array)
#11 /var/www/html/wp-includes/class-wp.php(813): WP->parse_request('')
#12 /var/www/html/wp-includes/functions.php(1336): WP->main('')
#13 /var/www/html/wp-blog-header.php(16): wp()
#14 /var/www/html/index.php(17): require('/var/www/html/w...')
#15 {main}
  thrown в /var/www/html/wp-content/themes/my-theme/App/Classes/Router.php на строке 70

2024-01-14T09:20:36+00:00 CRITICAL Uncaught Error: Call to undefined method App\Requests\UserRequest::createCustomProduct() in /var/www/html/wp-content/themes/my-theme/App/Classes/Router.php:70
Stack trace:
#0 /var/www/html/wp-content/themes/my-theme/App/Classes/Router.php(22): App\Classes\Router::addRoute('/products/custo...', 'POST', 'ProductControll...', NULL, 'UserRequest', 'wc/v3')
#1 /var/www/html/wp-content/themes/my-theme/App/routes.php(17): App\Classes\Router::post('/products/custo...', 'ProductControll...', NULL, 'UserRequest', 'wc/v3')
#2 /var/www/html/wp-includes/class-wp-hook.php(324): {closure}(Object(WP_REST_Server))
#3 /var/www/html/wp-includes/class-wp-hook.php(348): WP_Hook->apply_filters(NULL, Array)
#4 /var/www/html/wp-includes/plugin.php(517): WP_Hook->do_action(Array)
#5 /var/www/html/wp-includes/rest-api.php(593): do_action('rest_api_init', Object(WP_REST_Server))
#6 /var/www/html/wp-includes/rest-api.php(417): rest_get_server()
#7 /var/www/html/wp-includes/class-wp-hook.php(324): rest_api_loaded(Object(WP))
#8 /var/www/html/wp-includes/class-wp-hook.php(348): WP_Hook->apply_filters(NULL, Array)
#9 /var/www/html/wp-includes/plugin.php(565): WP_Hook->do_action(Array)
#10 /var/www/html/wp-includes/class-wp.php(418): do_action_ref_array('parse_request', Array)
#11 /var/www/html/wp-includes/class-wp.php(813): WP->parse_request('')
#12 /var/www/html/wp-includes/functions.php(1336): WP->main('')
#13 /var/www/html/wp-blog-header.php(16): wp()
#14 /var/www/html/index.php(17): require('/var/www/html/w...')
#15 {main}
  thrown в /var/www/html/wp-content/themes/my-theme/App/Classes/Router.php на строке 70

2024-01-14T09:20:37+00:00 CRITICAL Uncaught Error: Call to undefined method App\Requests\UserRequest::createCustomProduct() in /var/www/html/wp-content/themes/my-theme/App/Classes/Router.php:70
Stack trace:
#0 /var/www/html/wp-content/themes/my-theme/App/Classes/Router.php(22): App\Classes\Router::addRoute('/products/custo...', 'POST', 'ProductControll...', NULL, 'UserRequest', 'wc/v3')
#1 /var/www/html/wp-content/themes/my-theme/App/routes.php(17): App\Classes\Router::post('/products/custo...', 'ProductControll...', NULL, 'UserRequest', 'wc/v3')
#2 /var/www/html/wp-includes/class-wp-hook.php(324): {closure}(Object(WP_REST_Server))
#3 /var/www/html/wp-includes/class-wp-hook.php(348): WP_Hook->apply_filters(NULL, Array)
#4 /var/www/html/wp-includes/plugin.php(517): WP_Hook->do_action(Array)
#5 /var/www/html/wp-includes/rest-api.php(593): do_action('rest_api_init', Object(WP_REST_Server))
#6 /var/www/html/wp-includes/rest-api.php(417): rest_get_server()
#7 /var/www/html/wp-includes/class-wp-hook.php(324): rest_api_loaded(Object(WP))
#8 /var/www/html/wp-includes/class-wp-hook.php(348): WP_Hook->apply_filters(NULL, Array)
#9 /var/www/html/wp-includes/plugin.php(565): WP_Hook->do_action(Array)
#10 /var/www/html/wp-includes/class-wp.php(418): do_action_ref_array('parse_request', Array)
#11 /var/www/html/wp-includes/class-wp.php(813): WP->parse_request('')
#12 /var/www/html/wp-includes/functions.php(1336): WP->main('')
#13 /var/www/html/wp-blog-header.php(16): wp()
#14 /var/www/html/index.php(17): require('/var/www/html/w...')
#15 {main}
  thrown в /var/www/html/wp-content/themes/my-theme/App/Classes/Router.php на строке 70

2024-01-14T09:20:37+00:00 CRITICAL Uncaught Error: Call to undefined method App\Requests\UserRequest::createCustomProduct() in /var/www/html/wp-content/themes/my-theme/App/Classes/Router.php:70
Stack trace:
#0 /var/www/html/wp-content/themes/my-theme/App/Classes/Router.php(22): App\Classes\Router::addRoute('/products/custo...', 'POST', 'ProductControll...', NULL, 'UserRequest', 'wc/v3')
#1 /var/www/html/wp-content/themes/my-theme/App/routes.php(17): App\Classes\Router::post('/products/custo...', 'ProductControll...', NULL, 'UserRequest', 'wc/v3')
#2 /var/www/html/wp-includes/class-wp-hook.php(324): {closure}(Object(WP_REST_Server))
#3 /var/www/html/wp-includes/class-wp-hook.php(348): WP_Hook->apply_filters(NULL, Array)
#4 /var/www/html/wp-includes/plugin.php(517): WP_Hook->do_action(Array)
#5 /var/www/html/wp-includes/rest-api.php(593): do_action('rest_api_init', Object(WP_REST_Server))
#6 /var/www/html/wp-includes/rest-api.php(417): rest_get_server()
#7 /var/www/html/wp-includes/class-wp-hook.php(324): rest_api_loaded(Object(WP))
#8 /var/www/html/wp-includes/class-wp-hook.php(348): WP_Hook->apply_filters(NULL, Array)
#9 /var/www/html/wp-includes/plugin.php(565): WP_Hook->do_action(Array)
#10 /var/www/html/wp-includes/class-wp.php(418): do_action_ref_array('parse_request', Array)
#11 /var/www/html/wp-includes/class-wp.php(813): WP->parse_request('')
#12 /var/www/html/wp-includes/functions.php(1336): WP->main('')
#13 /var/www/html/wp-blog-header.php(16): wp()
#14 /var/www/html/index.php(17): require('/var/www/html/w...')
#15 {main}
  thrown в /var/www/html/wp-content/themes/my-theme/App/Classes/Router.php на строке 70

2024-01-14T09:20:47+00:00 CRITICAL Uncaught Error: Unknown named parameter $middleware in /var/www/html/wp-content/themes/my-theme/App/routes.php:17
Stack trace:
#0 /var/www/html/wp-includes/class-wp-hook.php(324): {closure}(Object(WP_REST_Server))
#1 /var/www/html/wp-includes/class-wp-hook.php(348): WP_Hook->apply_filters(NULL, Array)
#2 /var/www/html/wp-includes/plugin.php(517): WP_Hook->do_action(Array)
#3 /var/www/html/wp-includes/rest-api.php(593): do_action('rest_api_init', Object(WP_REST_Server))
#4 /var/www/html/wp-includes/rest-api.php(417): rest_get_server()
#5 /var/www/html/wp-includes/class-wp-hook.php(324): rest_api_loaded(Object(WP))
#6 /var/www/html/wp-includes/class-wp-hook.php(348): WP_Hook->apply_filters(NULL, Array)
#7 /var/www/html/wp-includes/plugin.php(565): WP_Hook->do_action(Array)
#8 /var/www/html/wp-includes/class-wp.php(418): do_action_ref_array('parse_request', Array)
#9 /var/www/html/wp-includes/class-wp.php(813): WP->parse_request('')
#10 /var/www/html/wp-includes/functions.php(1336): WP->main('')
#11 /var/www/html/wp-blog-header.php(16): wp()
#12 /var/www/html/index.php(17): require('/var/www/html/w...')
#13 {main}
  thrown в /var/www/html/wp-content/themes/my-theme/App/routes.php на строке 17

2024-01-14T09:20:47+00:00 CRITICAL Uncaught Error: Unknown named parameter $middleware in /var/www/html/wp-content/themes/my-theme/App/routes.php:17
Stack trace:
#0 /var/www/html/wp-includes/class-wp-hook.php(324): {closure}(Object(WP_REST_Server))
#1 /var/www/html/wp-includes/class-wp-hook.php(348): WP_Hook->apply_filters(NULL, Array)
#2 /var/www/html/wp-includes/plugin.php(517): WP_Hook->do_action(Array)
#3 /var/www/html/wp-includes/rest-api.php(593): do_action('rest_api_init', Object(WP_REST_Server))
#4 /var/www/html/wp-includes/rest-api.php(417): rest_get_server()
#5 /var/www/html/wp-includes/class-wp-hook.php(324): rest_api_loaded(Object(WP))
#6 /var/www/html/wp-includes/class-wp-hook.php(348): WP_Hook->apply_filters(NULL, Array)
#7 /var/www/html/wp-includes/plugin.php(565): WP_Hook->do_action(Array)
#8 /var/www/html/wp-includes/class-wp.php(418): do_action_ref_array('parse_request', Array)
#9 /var/www/html/wp-includes/class-wp.php(813): WP->parse_request('')
#10 /var/www/html/wp-includes/functions.php(1336): WP->main('')
#11 /var/www/html/wp-blog-header.php(16): wp()
#12 /var/www/html/index.php(17): require('/var/www/html/w...')
#13 {main}
  thrown в /var/www/html/wp-content/themes/my-theme/App/routes.php на строке 17

2024-01-14T09:35:31+00:00 CRITICAL Uncaught Error: Cannot use object of type WC_Product_Grouped as array in /var/www/html/wp-content/plugins/cfs-rest-api/cfs-rest-api.php:125
Stack trace:
#0 /var/www/html/wp-includes/class-wp-hook.php(324): add_custom_fields_to_api_response(Object(WP_REST_Response), Object(WC_Product_Grouped), Object(WP_REST_Request))
#1 /var/www/html/wp-includes/plugin.php(205): WP_Hook->apply_filters(Object(WP_REST_Response), Array)
#2 /var/www/html/wp-content/themes/my-theme/App/Controllers/ProductController.php(36): apply_filters('woocommerce_res...', Object(WP_REST_Response), Object(WC_Product_Grouped), Object(WP_REST_Request))
#3 /var/www/html/wp-includes/rest-api/class-wp-rest-server.php(1193): App\Controllers\ProductController->createCustomProduct(Object(WP_REST_Request))
#4 /var/www/html/wp-includes/rest-api/class-wp-rest-server.php(1041): WP_REST_Server->respond_to_request(Object(WP_REST_Request), '/wc/v3/products...', Array, NULL)
#5 /var/www/html/wp-includes/rest-api/class-wp-rest-server.php(431): WP_REST_Server->dispatch(Object(WP_REST_Request))
#6 /var/www/html/wp-includes/rest-api.php(424): WP_REST_Server->serve_request('/wc/v3/products...')
#7 /var/www/html/wp-includes/class-wp-hook.php(324): rest_api_loaded(Object(WP))
#8 /var/www/html/wp-includes/class-wp-hook.php(348): WP_Hook->apply_filters(NULL, Array)
#9 /var/www/html/wp-includes/plugin.php(565): WP_Hook->do_action(Array)
#10 /var/www/html/wp-includes/class-wp.php(418): do_action_ref_array('parse_request', Array)
#11 /var/www/html/wp-includes/class-wp.php(813): WP->parse_request('')
#12 /var/www/html/wp-includes/functions.php(1336): WP->main('')
#13 /var/www/html/wp-blog-header.php(16): wp()
#14 /var/www/html/index.php(17): require('/var/www/html/w...')
#15 {main}
  thrown в /var/www/html/wp-content/plugins/cfs-rest-api/cfs-rest-api.php на строке 125

2024-01-14T09:35:42+00:00 CRITICAL Uncaught Error: Cannot use object of type WC_Product_Grouped as array in /var/www/html/wp-content/plugins/cfs-rest-api/cfs-rest-api.php:125
Stack trace:
#0 /var/www/html/wp-includes/class-wp-hook.php(324): add_custom_fields_to_api_response(Object(WP_REST_Response), Array, Object(WP_REST_Request))
#1 /var/www/html/wp-includes/plugin.php(205): WP_Hook->apply_filters(Object(WP_REST_Response), Array)
#2 /var/www/html/wp-content/themes/my-theme/App/Controllers/ProductController.php(36): apply_filters('woocommerce_res...', Object(WP_REST_Response), Array, Object(WP_REST_Request))
#3 /var/www/html/wp-includes/rest-api/class-wp-rest-server.php(1193): App\Controllers\ProductController->createCustomProduct(Object(WP_REST_Request))
#4 /var/www/html/wp-includes/rest-api/class-wp-rest-server.php(1041): WP_REST_Server->respond_to_request(Object(WP_REST_Request), '/wc/v3/products...', Array, NULL)
#5 /var/www/html/wp-includes/rest-api/class-wp-rest-server.php(431): WP_REST_Server->dispatch(Object(WP_REST_Request))
#6 /var/www/html/wp-includes/rest-api.php(424): WP_REST_Server->serve_request('/wc/v3/products...')
#7 /var/www/html/wp-includes/class-wp-hook.php(324): rest_api_loaded(Object(WP))
#8 /var/www/html/wp-includes/class-wp-hook.php(348): WP_Hook->apply_filters(NULL, Array)
#9 /var/www/html/wp-includes/plugin.php(565): WP_Hook->do_action(Array)
#10 /var/www/html/wp-includes/class-wp.php(418): do_action_ref_array('parse_request', Array)
#11 /var/www/html/wp-includes/class-wp.php(813): WP->parse_request('')
#12 /var/www/html/wp-includes/functions.php(1336): WP->main('')
#13 /var/www/html/wp-blog-header.php(16): wp()
#14 /var/www/html/index.php(17): require('/var/www/html/w...')
#15 {main}
  thrown в /var/www/html/wp-content/plugins/cfs-rest-api/cfs-rest-api.php на строке 125

2024-01-14T09:36:10+00:00 CRITICAL Uncaught TypeError: App\Filters\ProductFilter::without_grouped_products(): Argument #2 ($product) must be of type WC_Product, array given, called in /var/www/html/wp-includes/class-wp-hook.php on line 324 and defined in /var/www/html/wp-content/themes/my-theme/App/Filters/ProductFilter.php:52
Stack trace:
#0 /var/www/html/wp-includes/class-wp-hook.php(324): App\Filters\ProductFilter::without_grouped_products(Object(WP_REST_Response), Array, Object(WP_REST_Request))
#1 /var/www/html/wp-includes/plugin.php(205): WP_Hook->apply_filters(Object(WP_REST_Response), Array)
#2 /var/www/html/wp-content/themes/my-theme/App/Controllers/ProductController.php(38): apply_filters('woocommerce_res...', Object(WP_REST_Response), Array, Object(WP_REST_Request))
#3 /var/www/html/wp-includes/rest-api/class-wp-rest-server.php(1193): App\Controllers\ProductController->createCustomProduct(Object(WP_REST_Request))
#4 /var/www/html/wp-includes/rest-api/class-wp-rest-server.php(1041): WP_REST_Server->respond_to_request(Object(WP_REST_Request), '/wc/v3/products...', Array, NULL)
#5 /var/www/html/wp-includes/rest-api/class-wp-rest-server.php(431): WP_REST_Server->dispatch(Object(WP_REST_Request))
#6 /var/www/html/wp-includes/rest-api.php(424): WP_REST_Server->serve_request('/wc/v3/products...')
#7 /var/www/html/wp-includes/class-wp-hook.php(324): rest_api_loaded(Object(WP))
#8 /var/www/html/wp-includes/class-wp-hook.php(348): WP_Hook->apply_filters(NULL, Array)
#9 /var/www/html/wp-includes/plugin.php(565): WP_Hook->do_action(Array)
#10 /var/www/html/wp-includes/class-wp.php(418): do_action_ref_array('parse_request', Array)
#11 /var/www/html/wp-includes/class-wp.php(813): WP->parse_request('')
#12 /var/www/html/wp-includes/functions.php(1336): WP->main('')
#13 /var/www/html/wp-blog-header.php(16): wp()
#14 /var/www/html/index.php(17): require('/var/www/html/w...')
#15 {main}
  thrown в /var/www/html/wp-content/themes/my-theme/App/Filters/ProductFilter.php на строке 52

2024-01-14T09:36:11+00:00 CRITICAL Uncaught TypeError: App\Filters\ProductFilter::without_grouped_products(): Argument #2 ($product) must be of type WC_Product, array given, called in /var/www/html/wp-includes/class-wp-hook.php on line 324 and defined in /var/www/html/wp-content/themes/my-theme/App/Filters/ProductFilter.php:52
Stack trace:
#0 /var/www/html/wp-includes/class-wp-hook.php(324): App\Filters\ProductFilter::without_grouped_products(Object(WP_REST_Response), Array, Object(WP_REST_Request))
#1 /var/www/html/wp-includes/plugin.php(205): WP_Hook->apply_filters(Object(WP_REST_Response), Array)
#2 /var/www/html/wp-content/themes/my-theme/App/Controllers/ProductController.php(38): apply_filters('woocommerce_res...', Object(WP_REST_Response), Array, Object(WP_REST_Request))
#3 /var/www/html/wp-includes/rest-api/class-wp-rest-server.php(1193): App\Controllers\ProductController->createCustomProduct(Object(WP_REST_Request))
#4 /var/www/html/wp-includes/rest-api/class-wp-rest-server.php(1041): WP_REST_Server->respond_to_request(Object(WP_REST_Request), '/wc/v3/products...', Array, NULL)
#5 /var/www/html/wp-includes/rest-api/class-wp-rest-server.php(431): WP_REST_Server->dispatch(Object(WP_REST_Request))
#6 /var/www/html/wp-includes/rest-api.php(424): WP_REST_Server->serve_request('/wc/v3/products...')
#7 /var/www/html/wp-includes/class-wp-hook.php(324): rest_api_loaded(Object(WP))
#8 /var/www/html/wp-includes/class-wp-hook.php(348): WP_Hook->apply_filters(NULL, Array)
#9 /var/www/html/wp-includes/plugin.php(565): WP_Hook->do_action(Array)
#10 /var/www/html/wp-includes/class-wp.php(418): do_action_ref_array('parse_request', Array)
#11 /var/www/html/wp-includes/class-wp.php(813): WP->parse_request('')
#12 /var/www/html/wp-includes/functions.php(1336): WP->main('')
#13 /var/www/html/wp-blog-header.php(16): wp()
#14 /var/www/html/index.php(17): require('/var/www/html/w...')
#15 {main}
  thrown в /var/www/html/wp-content/themes/my-theme/App/Filters/ProductFilter.php на строке 52

2024-01-14T09:36:12+00:00 CRITICAL Uncaught TypeError: App\Filters\ProductFilter::without_grouped_products(): Argument #2 ($product) must be of type WC_Product, array given, called in /var/www/html/wp-includes/class-wp-hook.php on line 324 and defined in /var/www/html/wp-content/themes/my-theme/App/Filters/ProductFilter.php:52
Stack trace:
#0 /var/www/html/wp-includes/class-wp-hook.php(324): App\Filters\ProductFilter::without_grouped_products(Object(WP_REST_Response), Array, Object(WP_REST_Request))
#1 /var/www/html/wp-includes/plugin.php(205): WP_Hook->apply_filters(Object(WP_REST_Response), Array)
#2 /var/www/html/wp-content/themes/my-theme/App/Controllers/ProductController.php(38): apply_filters('woocommerce_res...', Object(WP_REST_Response), Array, Object(WP_REST_Request))
#3 /var/www/html/wp-includes/rest-api/class-wp-rest-server.php(1193): App\Controllers\ProductController->createCustomProduct(Object(WP_REST_Request))
#4 /var/www/html/wp-includes/rest-api/class-wp-rest-server.php(1041): WP_REST_Server->respond_to_request(Object(WP_REST_Request), '/wc/v3/products...', Array, NULL)
#5 /var/www/html/wp-includes/rest-api/class-wp-rest-server.php(431): WP_REST_Server->dispatch(Object(WP_REST_Request))
#6 /var/www/html/wp-includes/rest-api.php(424): WP_REST_Server->serve_request('/wc/v3/products...')
#7 /var/www/html/wp-includes/class-wp-hook.php(324): rest_api_loaded(Object(WP))
#8 /var/www/html/wp-includes/class-wp-hook.php(348): WP_Hook->apply_filters(NULL, Array)
#9 /var/www/html/wp-includes/plugin.php(565): WP_Hook->do_action(Array)
#10 /var/www/html/wp-includes/class-wp.php(418): do_action_ref_array('parse_request', Array)
#11 /var/www/html/wp-includes/class-wp.php(813): WP->parse_request('')
#12 /var/www/html/wp-includes/functions.php(1336): WP->main('')
#13 /var/www/html/wp-blog-header.php(16): wp()
#14 /var/www/html/index.php(17): require('/var/www/html/w...')
#15 {main}
  thrown в /var/www/html/wp-content/themes/my-theme/App/Filters/ProductFilter.php на строке 52

2024-01-14T09:36:12+00:00 CRITICAL Uncaught TypeError: App\Filters\ProductFilter::without_grouped_products(): Argument #2 ($product) must be of type WC_Product, array given, called in /var/www/html/wp-includes/class-wp-hook.php on line 324 and defined in /var/www/html/wp-content/themes/my-theme/App/Filters/ProductFilter.php:52
Stack trace:
#0 /var/www/html/wp-includes/class-wp-hook.php(324): App\Filters\ProductFilter::without_grouped_products(Object(WP_REST_Response), Array, Object(WP_REST_Request))
#1 /var/www/html/wp-includes/plugin.php(205): WP_Hook->apply_filters(Object(WP_REST_Response), Array)
#2 /var/www/html/wp-content/themes/my-theme/App/Controllers/ProductController.php(38): apply_filters('woocommerce_res...', Object(WP_REST_Response), Array, Object(WP_REST_Request))
#3 /var/www/html/wp-includes/rest-api/class-wp-rest-server.php(1193): App\Controllers\ProductController->createCustomProduct(Object(WP_REST_Request))
#4 /var/www/html/wp-includes/rest-api/class-wp-rest-server.php(1041): WP_REST_Server->respond_to_request(Object(WP_REST_Request), '/wc/v3/products...', Array, NULL)
#5 /var/www/html/wp-includes/rest-api/class-wp-rest-server.php(431): WP_REST_Server->dispatch(Object(WP_REST_Request))
#6 /var/www/html/wp-includes/rest-api.php(424): WP_REST_Server->serve_request('/wc/v3/products...')
#7 /var/www/html/wp-includes/class-wp-hook.php(324): rest_api_loaded(Object(WP))
#8 /var/www/html/wp-includes/class-wp-hook.php(348): WP_Hook->apply_filters(NULL, Array)
#9 /var/www/html/wp-includes/plugin.php(565): WP_Hook->do_action(Array)
#10 /var/www/html/wp-includes/class-wp.php(418): do_action_ref_array('parse_request', Array)
#11 /var/www/html/wp-includes/class-wp.php(813): WP->parse_request('')
#12 /var/www/html/wp-includes/functions.php(1336): WP->main('')
#13 /var/www/html/wp-blog-header.php(16): wp()
#14 /var/www/html/index.php(17): require('/var/www/html/w...')
#15 {main}
  thrown в /var/www/html/wp-content/themes/my-theme/App/Filters/ProductFilter.php на строке 52

2024-01-14T09:36:12+00:00 CRITICAL Uncaught TypeError: App\Filters\ProductFilter::without_grouped_products(): Argument #2 ($product) must be of type WC_Product, array given, called in /var/www/html/wp-includes/class-wp-hook.php on line 324 and defined in /var/www/html/wp-content/themes/my-theme/App/Filters/ProductFilter.php:52
Stack trace:
#0 /var/www/html/wp-includes/class-wp-hook.php(324): App\Filters\ProductFilter::without_grouped_products(Object(WP_REST_Response), Array, Object(WP_REST_Request))
#1 /var/www/html/wp-includes/plugin.php(205): WP_Hook->apply_filters(Object(WP_REST_Response), Array)
#2 /var/www/html/wp-content/themes/my-theme/App/Controllers/ProductController.php(38): apply_filters('woocommerce_res...', Object(WP_REST_Response), Array, Object(WP_REST_Request))
#3 /var/www/html/wp-includes/rest-api/class-wp-rest-server.php(1193): App\Controllers\ProductController->createCustomProduct(Object(WP_REST_Request))
#4 /var/www/html/wp-includes/rest-api/class-wp-rest-server.php(1041): WP_REST_Server->respond_to_request(Object(WP_REST_Request), '/wc/v3/products...', Array, NULL)
#5 /var/www/html/wp-includes/rest-api/class-wp-rest-server.php(431): WP_REST_Server->dispatch(Object(WP_REST_Request))
#6 /var/www/html/wp-includes/rest-api.php(424): WP_REST_Server->serve_request('/wc/v3/products...')
#7 /var/www/html/wp-includes/class-wp-hook.php(324): rest_api_loaded(Object(WP))
#8 /var/www/html/wp-includes/class-wp-hook.php(348): WP_Hook->apply_filters(NULL, Array)
#9 /var/www/html/wp-includes/plugin.php(565): WP_Hook->do_action(Array)
#10 /var/www/html/wp-includes/class-wp.php(418): do_action_ref_array('parse_request', Array)
#11 /var/www/html/wp-includes/class-wp.php(813): WP->parse_request('')
#12 /var/www/html/wp-includes/functions.php(1336): WP->main('')
#13 /var/www/html/wp-blog-header.php(16): wp()
#14 /var/www/html/index.php(17): require('/var/www/html/w...')
#15 {main}
  thrown в /var/www/html/wp-content/themes/my-theme/App/Filters/ProductFilter.php на строке 52

2024-01-14T09:36:13+00:00 CRITICAL Uncaught TypeError: App\Filters\ProductFilter::without_grouped_products(): Argument #2 ($product) must be of type WC_Product, array given, called in /var/www/html/wp-includes/class-wp-hook.php on line 324 and defined in /var/www/html/wp-content/themes/my-theme/App/Filters/ProductFilter.php:52
Stack trace:
#0 /var/www/html/wp-includes/class-wp-hook.php(324): App\Filters\ProductFilter::without_grouped_products(Object(WP_REST_Response), Array, Object(WP_REST_Request))
#1 /var/www/html/wp-includes/plugin.php(205): WP_Hook->apply_filters(Object(WP_REST_Response), Array)
#2 /var/www/html/wp-content/themes/my-theme/App/Controllers/ProductController.php(38): apply_filters('woocommerce_res...', Object(WP_REST_Response), Array, Object(WP_REST_Request))
#3 /var/www/html/wp-includes/rest-api/class-wp-rest-server.php(1193): App\Controllers\ProductController->createCustomProduct(Object(WP_REST_Request))
#4 /var/www/html/wp-includes/rest-api/class-wp-rest-server.php(1041): WP_REST_Server->respond_to_request(Object(WP_REST_Request), '/wc/v3/products...', Array, NULL)
#5 /var/www/html/wp-includes/rest-api/class-wp-rest-server.php(431): WP_REST_Server->dispatch(Object(WP_REST_Request))
#6 /var/www/html/wp-includes/rest-api.php(424): WP_REST_Server->serve_request('/wc/v3/products...')
#7 /var/www/html/wp-includes/class-wp-hook.php(324): rest_api_loaded(Object(WP))
#8 /var/www/html/wp-includes/class-wp-hook.php(348): WP_Hook->apply_filters(NULL, Array)
#9 /var/www/html/wp-includes/plugin.php(565): WP_Hook->do_action(Array)
#10 /var/www/html/wp-includes/class-wp.php(418): do_action_ref_array('parse_request', Array)
#11 /var/www/html/wp-includes/class-wp.php(813): WP->parse_request('')
#12 /var/www/html/wp-includes/functions.php(1336): WP->main('')
#13 /var/www/html/wp-blog-header.php(16): wp()
#14 /var/www/html/index.php(17): require('/var/www/html/w...')
#15 {main}
  thrown в /var/www/html/wp-content/themes/my-theme/App/Filters/ProductFilter.php на строке 52

2024-01-14T09:36:13+00:00 CRITICAL Uncaught TypeError: App\Filters\ProductFilter::without_grouped_products(): Argument #2 ($product) must be of type WC_Product, array given, called in /var/www/html/wp-includes/class-wp-hook.php on line 324 and defined in /var/www/html/wp-content/themes/my-theme/App/Filters/ProductFilter.php:52
Stack trace:
#0 /var/www/html/wp-includes/class-wp-hook.php(324): App\Filters\ProductFilter::without_grouped_products(Object(WP_REST_Response), Array, Object(WP_REST_Request))
#1 /var/www/html/wp-includes/plugin.php(205): WP_Hook->apply_filters(Object(WP_REST_Response), Array)
#2 /var/www/html/wp-content/themes/my-theme/App/Controllers/ProductController.php(38): apply_filters('woocommerce_res...', Object(WP_REST_Response), Array, Object(WP_REST_Request))
#3 /var/www/html/wp-includes/rest-api/class-wp-rest-server.php(1193): App\Controllers\ProductController->createCustomProduct(Object(WP_REST_Request))
#4 /var/www/html/wp-includes/rest-api/class-wp-rest-server.php(1041): WP_REST_Server->respond_to_request(Object(WP_REST_Request), '/wc/v3/products...', Array, NULL)
#5 /var/www/html/wp-includes/rest-api/class-wp-rest-server.php(431): WP_REST_Server->dispatch(Object(WP_REST_Request))
#6 /var/www/html/wp-includes/rest-api.php(424): WP_REST_Server->serve_request('/wc/v3/products...')
#7 /var/www/html/wp-includes/class-wp-hook.php(324): rest_api_loaded(Object(WP))
#8 /var/www/html/wp-includes/class-wp-hook.php(348): WP_Hook->apply_filters(NULL, Array)
#9 /var/www/html/wp-includes/plugin.php(565): WP_Hook->do_action(Array)
#10 /var/www/html/wp-includes/class-wp.php(418): do_action_ref_array('parse_request', Array)
#11 /var/www/html/wp-includes/class-wp.php(813): WP->parse_request('')
#12 /var/www/html/wp-includes/functions.php(1336): WP->main('')
#13 /var/www/html/wp-blog-header.php(16): wp()
#14 /var/www/html/index.php(17): require('/var/www/html/w...')
#15 {main}
  thrown в /var/www/html/wp-content/themes/my-theme/App/Filters/ProductFilter.php на строке 52

2024-01-14T09:36:13+00:00 CRITICAL Uncaught TypeError: App\Filters\ProductFilter::without_grouped_products(): Argument #2 ($product) must be of type WC_Product, array given, called in /var/www/html/wp-includes/class-wp-hook.php on line 324 and defined in /var/www/html/wp-content/themes/my-theme/App/Filters/ProductFilter.php:52
Stack trace:
#0 /var/www/html/wp-includes/class-wp-hook.php(324): App\Filters\ProductFilter::without_grouped_products(Object(WP_REST_Response), Array, Object(WP_REST_Request))
#1 /var/www/html/wp-includes/plugin.php(205): WP_Hook->apply_filters(Object(WP_REST_Response), Array)
#2 /var/www/html/wp-content/themes/my-theme/App/Controllers/ProductController.php(38): apply_filters('woocommerce_res...', Object(WP_REST_Response), Array, Object(WP_REST_Request))
#3 /var/www/html/wp-includes/rest-api/class-wp-rest-server.php(1193): App\Controllers\ProductController->createCustomProduct(Object(WP_REST_Request))
#4 /var/www/html/wp-includes/rest-api/class-wp-rest-server.php(1041): WP_REST_Server->respond_to_request(Object(WP_REST_Request), '/wc/v3/products...', Array, NULL)
#5 /var/www/html/wp-includes/rest-api/class-wp-rest-server.php(431): WP_REST_Server->dispatch(Object(WP_REST_Request))
#6 /var/www/html/wp-includes/rest-api.php(424): WP_REST_Server->serve_request('/wc/v3/products...')
#7 /var/www/html/wp-includes/class-wp-hook.php(324): rest_api_loaded(Object(WP))
#8 /var/www/html/wp-includes/class-wp-hook.php(348): WP_Hook->apply_filters(NULL, Array)
#9 /var/www/html/wp-includes/plugin.php(565): WP_Hook->do_action(Array)
#10 /var/www/html/wp-includes/class-wp.php(418): do_action_ref_array('parse_request', Array)
#11 /var/www/html/wp-includes/class-wp.php(813): WP->parse_request('')
#12 /var/www/html/wp-includes/functions.php(1336): WP->main('')
#13 /var/www/html/wp-blog-header.php(16): wp()
#14 /var/www/html/index.php(17): require('/var/www/html/w...')
#15 {main}
  thrown в /var/www/html/wp-content/themes/my-theme/App/Filters/ProductFilter.php на строке 52

2024-01-14T09:36:21+00:00 CRITICAL Uncaught TypeError: App\Filters\ProductFilter::without_grouped_products(): Argument #2 ($product) must be of type WC_Product, stdClass given, called in /var/www/html/wp-includes/class-wp-hook.php on line 324 and defined in /var/www/html/wp-content/themes/my-theme/App/Filters/ProductFilter.php:52
Stack trace:
#0 /var/www/html/wp-includes/class-wp-hook.php(324): App\Filters\ProductFilter::without_grouped_products(Object(WP_REST_Response), Object(stdClass), Object(WP_REST_Request))
#1 /var/www/html/wp-includes/plugin.php(205): WP_Hook->apply_filters(Object(WP_REST_Response), Array)
#2 /var/www/html/wp-content/themes/my-theme/App/Controllers/ProductController.php(38): apply_filters('woocommerce_res...', Object(WP_REST_Response), Object(stdClass), Object(WP_REST_Request))
#3 /var/www/html/wp-includes/rest-api/class-wp-rest-server.php(1193): App\Controllers\ProductController->createCustomProduct(Object(WP_REST_Request))
#4 /var/www/html/wp-includes/rest-api/class-wp-rest-server.php(1041): WP_REST_Server->respond_to_request(Object(WP_REST_Request), '/wc/v3/products...', Array, NULL)
#5 /var/www/html/wp-includes/rest-api/class-wp-rest-server.php(431): WP_REST_Server->dispatch(Object(WP_REST_Request))
#6 /var/www/html/wp-includes/rest-api.php(424): WP_REST_Server->serve_request('/wc/v3/products...')
#7 /var/www/html/wp-includes/class-wp-hook.php(324): rest_api_loaded(Object(WP))
#8 /var/www/html/wp-includes/class-wp-hook.php(348): WP_Hook->apply_filters(NULL, Array)
#9 /var/www/html/wp-includes/plugin.php(565): WP_Hook->do_action(Array)
#10 /var/www/html/wp-includes/class-wp.php(418): do_action_ref_array('parse_request', Array)
#11 /var/www/html/wp-includes/class-wp.php(813): WP->parse_request('')
#12 /var/www/html/wp-includes/functions.php(1336): WP->main('')
#13 /var/www/html/wp-blog-header.php(16): wp()
#14 /var/www/html/index.php(17): require('/var/www/html/w...')
#15 {main}
  thrown в /var/www/html/wp-content/themes/my-theme/App/Filters/ProductFilter.php на строке 52

2024-01-14T09:36:22+00:00 CRITICAL Uncaught TypeError: App\Filters\ProductFilter::without_grouped_products(): Argument #2 ($product) must be of type WC_Product, stdClass given, called in /var/www/html/wp-includes/class-wp-hook.php on line 324 and defined in /var/www/html/wp-content/themes/my-theme/App/Filters/ProductFilter.php:52
Stack trace:
#0 /var/www/html/wp-includes/class-wp-hook.php(324): App\Filters\ProductFilter::without_grouped_products(Object(WP_REST_Response), Object(stdClass), Object(WP_REST_Request))
#1 /var/www/html/wp-includes/plugin.php(205): WP_Hook->apply_filters(Object(WP_REST_Response), Array)
#2 /var/www/html/wp-content/themes/my-theme/App/Controllers/ProductController.php(38): apply_filters('woocommerce_res...', Object(WP_REST_Response), Object(stdClass), Object(WP_REST_Request))
#3 /var/www/html/wp-includes/rest-api/class-wp-rest-server.php(1193): App\Controllers\ProductController->createCustomProduct(Object(WP_REST_Request))
#4 /var/www/html/wp-includes/rest-api/class-wp-rest-server.php(1041): WP_REST_Server->respond_to_request(Object(WP_REST_Request), '/wc/v3/products...', Array, NULL)
#5 /var/www/html/wp-includes/rest-api/class-wp-rest-server.php(431): WP_REST_Server->dispatch(Object(WP_REST_Request))
#6 /var/www/html/wp-includes/rest-api.php(424): WP_REST_Server->serve_request('/wc/v3/products...')
#7 /var/www/html/wp-includes/class-wp-hook.php(324): rest_api_loaded(Object(WP))
#8 /var/www/html/wp-includes/class-wp-hook.php(348): WP_Hook->apply_filters(NULL, Array)
#9 /var/www/html/wp-includes/plugin.php(565): WP_Hook->do_action(Array)
#10 /var/www/html/wp-includes/class-wp.php(418): do_action_ref_array('parse_request', Array)
#11 /var/www/html/wp-includes/class-wp.php(813): WP->parse_request('')
#12 /var/www/html/wp-includes/functions.php(1336): WP->main('')
#13 /var/www/html/wp-blog-header.php(16): wp()
#14 /var/www/html/index.php(17): require('/var/www/html/w...')
#15 {main}
  thrown в /var/www/html/wp-content/themes/my-theme/App/Filters/ProductFilter.php на строке 52

2024-01-14T09:36:37+00:00 CRITICAL Uncaught Exception: Неверный товар. in /var/www/html/wp-content/plugins/woocommerce/includes/data-stores/class-wc-product-data-store-cpt.php:167
Stack trace:
#0 /var/www/html/wp-content/plugins/woocommerce/includes/class-wc-data-store.php(159): WC_Product_Data_Store_CPT->read(Object(WC_Product))
#1 /var/www/html/wp-content/plugins/woocommerce/includes/abstracts/abstract-wc-product.php(138): WC_Data_Store->read(Object(WC_Product))
#2 /var/www/html/wp-content/themes/my-theme/App/Filters/GroupedProductFilter.php(47): WC_Product->__construct(1)
#3 /var/www/html/wp-includes/class-wp-hook.php(324): App\Filters\GroupedProductFilter::add_custom_price_to_groupped_response(Object(WP_REST_Response), Object(WC_Product_Grouped), Object(WP_REST_Request))
#4 /var/www/html/wp-includes/plugin.php(205): WP_Hook->apply_filters(Object(WP_REST_Response), Array)
#5 /var/www/html/wp-content/themes/my-theme/App/Controllers/ProductController.php(38): apply_filters('woocommerce_res...', Object(WP_REST_Response), Object(WC_Product_Grouped), Object(WP_REST_Request))
#6 /var/www/html/wp-includes/rest-api/class-wp-rest-server.php(1193): App\Controllers\ProductController->createCustomProduct(Object(WP_REST_Request))
#7 /var/www/html/wp-includes/rest-api/class-wp-rest-server.php(1041): WP_REST_Server->respond_to_request(Object(WP_REST_Request), '/wc/v3/products...', Array, NULL)
#8 /var/www/html/wp-includes/rest-api/class-wp-rest-server.php(431): WP_REST_Server->dispatch(Object(WP_REST_Request))
#9 /var/www/html/wp-includes/rest-api.php(424): WP_REST_Server->serve_request('/wc/v3/products...')
#10 /var/www/html/wp-includes/class-wp-hook.php(324): rest_api_loaded(Object(WP))
#11 /var/www/html/wp-includes/class-wp-hook.php(348): WP_Hook->apply_filters(NULL, Array)
#12 /var/www/html/wp-includes/plugin.php(565): WP_Hook->do_action(Array)
#13 /var/www/html/wp-includes/class-wp.php(418): do_action_ref_array('parse_request', Array)
#14 /var/www/html/wp-includes/class-wp.php(813): WP->parse_request('')
#15 /var/www/html/wp-includes/functions.php(1336): WP->main('')
#16 /var/www/html/wp-blog-header.php(16): wp()
#17 /var/www/html/index.php(17): require('/var/www/html/w...')
#18 {main}
  thrown в /var/www/html/wp-content/plugins/woocommerce/includes/data-stores/class-wc-product-data-store-cpt.php на строке 167

2024-01-14T09:36:38+00:00 CRITICAL Uncaught Exception: Неверный товар. in /var/www/html/wp-content/plugins/woocommerce/includes/data-stores/class-wc-product-data-store-cpt.php:167
Stack trace:
#0 /var/www/html/wp-content/plugins/woocommerce/includes/class-wc-data-store.php(159): WC_Product_Data_Store_CPT->read(Object(WC_Product))
#1 /var/www/html/wp-content/plugins/woocommerce/includes/abstracts/abstract-wc-product.php(138): WC_Data_Store->read(Object(WC_Product))
#2 /var/www/html/wp-content/themes/my-theme/App/Filters/GroupedProductFilter.php(47): WC_Product->__construct(1)
#3 /var/www/html/wp-includes/class-wp-hook.php(324): App\Filters\GroupedProductFilter::add_custom_price_to_groupped_response(Object(WP_REST_Response), Object(WC_Product_Grouped), Object(WP_REST_Request))
#4 /var/www/html/wp-includes/plugin.php(205): WP_Hook->apply_filters(Object(WP_REST_Response), Array)
#5 /var/www/html/wp-content/themes/my-theme/App/Controllers/ProductController.php(38): apply_filters('woocommerce_res...', Object(WP_REST_Response), Object(WC_Product_Grouped), Object(WP_REST_Request))
#6 /var/www/html/wp-includes/rest-api/class-wp-rest-server.php(1193): App\Controllers\ProductController->createCustomProduct(Object(WP_REST_Request))
#7 /var/www/html/wp-includes/rest-api/class-wp-rest-server.php(1041): WP_REST_Server->respond_to_request(Object(WP_REST_Request), '/wc/v3/products...', Array, NULL)
#8 /var/www/html/wp-includes/rest-api/class-wp-rest-server.php(431): WP_REST_Server->dispatch(Object(WP_REST_Request))
#9 /var/www/html/wp-includes/rest-api.php(424): WP_REST_Server->serve_request('/wc/v3/products...')
#10 /var/www/html/wp-includes/class-wp-hook.php(324): rest_api_loaded(Object(WP))
#11 /var/www/html/wp-includes/class-wp-hook.php(348): WP_Hook->apply_filters(NULL, Array)
#12 /var/www/html/wp-includes/plugin.php(565): WP_Hook->do_action(Array)
#13 /var/www/html/wp-includes/class-wp.php(418): do_action_ref_array('parse_request', Array)
#14 /var/www/html/wp-includes/class-wp.php(813): WP->parse_request('')
#15 /var/www/html/wp-includes/functions.php(1336): WP->main('')
#16 /var/www/html/wp-blog-header.php(16): wp()
#17 /var/www/html/index.php(17): require('/var/www/html/w...')
#18 {main}
  thrown в /var/www/html/wp-content/plugins/woocommerce/includes/data-stores/class-wc-product-data-store-cpt.php на строке 167

2024-01-14T09:37:10+00:00 CRITICAL Uncaught Exception: Неверный товар. in /var/www/html/wp-content/plugins/woocommerce/includes/data-stores/class-wc-product-data-store-cpt.php:167
Stack trace:
#0 /var/www/html/wp-content/plugins/woocommerce/includes/class-wc-data-store.php(159): WC_Product_Data_Store_CPT->read(Object(WC_Product))
#1 /var/www/html/wp-content/plugins/woocommerce/includes/abstracts/abstract-wc-product.php(138): WC_Data_Store->read(Object(WC_Product))
#2 /var/www/html/wp-content/themes/my-theme/App/Filters/GroupedProductFilter.php(47): WC_Product->__construct(1)
#3 /var/www/html/wp-includes/class-wp-hook.php(324): App\Filters\GroupedProductFilter::add_custom_price_to_groupped_response(Object(WP_REST_Response), Object(WC_Product_Grouped), Object(WP_REST_Request))
#4 /var/www/html/wp-includes/plugin.php(205): WP_Hook->apply_filters(Object(WP_REST_Response), Array)
#5 /var/www/html/wp-content/themes/my-theme/App/Controllers/ProductController.php(40): apply_filters('woocommerce_res...', Object(WP_REST_Response), Object(WC_Product_Grouped), Object(WP_REST_Request))
#6 /var/www/html/wp-includes/rest-api/class-wp-rest-server.php(1193): App\Controllers\ProductController->createCustomProduct(Object(WP_REST_Request))
#7 /var/www/html/wp-includes/rest-api/class-wp-rest-server.php(1041): WP_REST_Server->respond_to_request(Object(WP_REST_Request), '/wc/v3/products...', Array, NULL)
#8 /var/www/html/wp-includes/rest-api/class-wp-rest-server.php(431): WP_REST_Server->dispatch(Object(WP_REST_Request))
#9 /var/www/html/wp-includes/rest-api.php(424): WP_REST_Server->serve_request('/wc/v3/products...')
#10 /var/www/html/wp-includes/class-wp-hook.php(324): rest_api_loaded(Object(WP))
#11 /var/www/html/wp-includes/class-wp-hook.php(348): WP_Hook->apply_filters(NULL, Array)
#12 /var/www/html/wp-includes/plugin.php(565): WP_Hook->do_action(Array)
#13 /var/www/html/wp-includes/class-wp.php(418): do_action_ref_array('parse_request', Array)
#14 /var/www/html/wp-includes/class-wp.php(813): WP->parse_request('')
#15 /var/www/html/wp-includes/functions.php(1336): WP->main('')
#16 /var/www/html/wp-blog-header.php(16): wp()
#17 /var/www/html/index.php(17): require('/var/www/html/w...')
#18 {main}
  thrown в /var/www/html/wp-content/plugins/woocommerce/includes/data-stores/class-wc-product-data-store-cpt.php на строке 167

2024-01-14T12:03:18+00:00 CRITICAL syntax error, unexpected token "," в /var/www/html/wp-content/themes/my-theme/App/Filters/OrderFilter.php на строке 71

2024-01-14T12:04:17+00:00 CRITICAL syntax error, unexpected token "," в /var/www/html/wp-content/themes/my-theme/App/Filters/OrderFilter.php на строке 75

2024-01-14T12:04:39+00:00 CRITICAL syntax error, unexpected token "," в /var/www/html/wp-content/themes/my-theme/App/Filters/OrderFilter.php на строке 74

