2023-12-30T12:06:09+00:00 CRITICAL syntax error, unexpected token "}", expecting "(" в /var/www/html/wp-content/themes/my-theme/App/Actions/ProductActions.php на строке 59

2023-12-30T12:08:09+00:00 CRITICAL syntax error, unexpected token "$", expecting variable в /var/www/html/wp-content/themes/my-theme/App/Actions/ProductActions.php на строке 58

2023-12-30T12:09:17+00:00 CRITICAL syntax error, unexpected token "}" в /var/www/html/wp-content/themes/my-theme/App/Actions/ProductActions.php на строке 68

2023-12-30T12:14:14+00:00 CRITICAL Uncaught TypeError: App\Actions\ProductActions::reindex_array_of_any_deep(): Argument #1 ($array) must be of type array, null given, called in /var/www/html/wp-content/themes/my-theme/App/Actions/ProductActions.php on line 53 and defined in /var/www/html/wp-content/themes/my-theme/App/Actions/ProductActions.php:58
Stack trace:
#0 /var/www/html/wp-content/themes/my-theme/App/Actions/ProductActions.php(53): App\Actions\ProductActions::reindex_array_of_any_deep(NULL)
#1 /var/www/html/wp-includes/class-wp-hook.php(326): App\Actions\ProductActions::reindex_all_arrays_in_cfs(248)
#2 /var/www/html/wp-includes/class-wp-hook.php(348): WP_Hook->apply_filters(NULL, Array)
#3 /var/www/html/wp-includes/plugin.php(517): WP_Hook->do_action(Array)
#4 /var/www/html/wp-content/plugins/woocommerce/includes/admin/class-wc-admin-meta-boxes.php(273): do_action('woocommerce_pro...', 248, Object(WP_Post))
#5 /var/www/html/wp-includes/class-wp-hook.php(326): WC_Admin_Meta_Boxes->save_meta_boxes(248, Object(WP_Post))
#6 /var/www/html/wp-includes/class-wp-hook.php(348): WP_Hook->apply_filters('', Array)
#7 /var/www/html/wp-includes/plugin.php(517): WP_Hook->do_action(Array)
#8 /var/www/html/wp-includes/post.php(4760): do_action('save_post', 248, Object(WP_Post), true)
#9 /var/www/html/wp-includes/post.php(4862): wp_insert_post(Array, false, true)
#10 /var/www/html/wp-admin/includes/post.php(453): wp_update_post(Array)
#11 /var/www/html/wp-admin/post.php(227): edit_post()
#12 {main}
  thrown в /var/www/html/wp-content/themes/my-theme/App/Actions/ProductActions.php на строке 58

2023-12-30T12:15:11+00:00 CRITICAL Uncaught TypeError: App\Actions\ProductActions::reindex_array_of_any_deep(): Argument #1 ($array) must be of type array, null given, called in /var/www/html/wp-content/themes/my-theme/App/Actions/ProductActions.php on line 57 and defined in /var/www/html/wp-content/themes/my-theme/App/Actions/ProductActions.php:62
Stack trace:
#0 /var/www/html/wp-content/themes/my-theme/App/Actions/ProductActions.php(57): App\Actions\ProductActions::reindex_array_of_any_deep(NULL)
#1 /var/www/html/wp-includes/class-wp-hook.php(326): App\Actions\ProductActions::reindex_all_arrays_in_cfs(248)
#2 /var/www/html/wp-includes/class-wp-hook.php(348): WP_Hook->apply_filters(NULL, Array)
#3 /var/www/html/wp-includes/plugin.php(517): WP_Hook->do_action(Array)
#4 /var/www/html/wp-content/plugins/woocommerce/includes/admin/class-wc-admin-meta-boxes.php(273): do_action('woocommerce_pro...', 248, Object(WP_Post))
#5 /var/www/html/wp-includes/class-wp-hook.php(326): WC_Admin_Meta_Boxes->save_meta_boxes(248, Object(WP_Post))
#6 /var/www/html/wp-includes/class-wp-hook.php(348): WP_Hook->apply_filters('', Array)
#7 /var/www/html/wp-includes/plugin.php(517): WP_Hook->do_action(Array)
#8 /var/www/html/wp-includes/post.php(4760): do_action('save_post', 248, Object(WP_Post), true)
#9 /var/www/html/wp-includes/post.php(4862): wp_insert_post(Array, false, true)
#10 /var/www/html/wp-admin/includes/post.php(453): wp_update_post(Array)
#11 /var/www/html/wp-admin/post.php(227): edit_post()
#12 {main}
  thrown в /var/www/html/wp-content/themes/my-theme/App/Actions/ProductActions.php на строке 62

2023-12-30T12:35:10+00:00 CRITICAL Cannot use "self" when no class scope is active в /var/www/html/wp-content/themes/my-theme/App/Helpers/reindexArrayOfAnyDeep.php на строке 10

2023-12-30T12:35:12+00:00 CRITICAL Cannot use "self" when no class scope is active в /var/www/html/wp-content/themes/my-theme/App/Helpers/reindexArrayOfAnyDeep.php на строке 10

